Log file open, 03/15/17 22:31:49
LogInit:Display: Running engine for game: SmartSpider
LogPlatformFile: Not using cached read wrapper
LogInit:Display: RandInit(351522623) SRandInit(351522623).
LogTaskGraph: Started task graph with 5 named threads and 8 total threads with 1 sets of task threads.
LogStats: Stats thread started at 0.285113
LogInit: Using libcurl 7.47.1
LogInit:  - built for x86_64-pc-win32
LogInit:  - supports SSL with OpenSSL/1.0.2g
LogInit:  - supports HTTP deflate (compression) using libz 1.2.8
LogInit:  - other features:
LogInit:      CURL_VERSION_SSL
LogInit:      CURL_VERSION_LIBZ
LogInit:      CURL_VERSION_IPV6
LogInit:      CURL_VERSION_ASYNCHDNS
LogInit:      CURL_VERSION_LARGEFILE
LogInit:      CURL_VERSION_IDN
LogInit:  CurlRequestOptions (configurable via config and command line):
LogInit:  - bVerifyPeer = false  - Libcurl will NOT verify peer certificate
LogInit:  - bUseHttpProxy = false  - Libcurl will NOT use HTTP proxy
LogInit:  - bDontReuseConnections = false  - Libcurl will reuse connections
LogInit:  - CertBundlePath = nullptr  - Libcurl will use whatever was configured at build time.
LogInit: Build: ++UE4+Release-4.15-CL-3299760
LogInit: Engine Version: 4.15.0-3299760+++UE4+Release-4.15
LogInit: Compatible Engine Version: 4.15.0-3299760+++UE4+Release-4.15
LogInit: Net CL: 3299760
LogDevObjectVersion: Number of dev versions registered: 14
LogDevObjectVersion:   Dev-Blueprints (B0D832E4-1F89-4F0D-ACCF-7EB736FD4AA2): 8
LogDevObjectVersion:   Dev-Build (E1C64328-A22C-4D53-A36C-8E866417BD8C): 0
LogDevObjectVersion:   Dev-Core (375EC13C-06E4-48FB-B500-84F0262A717E): 2
LogDevObjectVersion:   Dev-Editor (E4B068ED-F494-42E9-A231-DA0B2E46BB41): 14
LogDevObjectVersion:   Dev-Framework (CFFC743F-43B0-4480-9391-14DF171D2073): 22
LogDevObjectVersion:   Dev-Mobile (B02B49B5-BB20-44E9-A304-32B752E40360): 0
LogDevObjectVersion:   Dev-Networking (A4E4105C-59A1-49B5-A7C5-40C4547EDFEE): 0
LogDevObjectVersion:   Dev-Online (39C831C9-5AE6-47DC-9A44-9C173E1C8E7C): 0
LogDevObjectVersion:   Dev-Physics (78F01B33-EBEA-4F98-B9B4-84EACCB95AA2): 0
LogDevObjectVersion:   Dev-Platform (6631380F-2D4D-43E0-8009-CF276956A95A): 0
LogDevObjectVersion:   Dev-Rendering (12F88B9F-8875-4AFC-A67C-D90C383ABD29): 12
LogDevObjectVersion:   Dev-Sequencer (7B5AE74C-D270-4C10-A958-57980B212A5A): 3
LogDevObjectVersion:   Dev-VR (D7296918-1DD6-4BDD-9DE2-64A83CC13884): 0
LogDevObjectVersion:   Dev-LoadTimes (C2A15278-BFE7-4AFE-6C17-90FF531DF755): 1
LogInit: Compiled (64-bit): Feb 14 2017 02:04:14
LogInit: Compiled with Visual C++: 19.00.23026.00
LogInit: Build Configuration: Development
LogInit: Branch Name: ++UE4+Release-4.15
LogInit: Command line:  
LogInit: Base directory: C:/Program Files (x86)/Epic Games/UE_4.15/Engine/Binaries/Win64/
LogInit: Installed Engine Build: 1
LogInit: Presizing for max 8388607 objects, including 0 objects not considered by GC, pre-allocating 0 bytes for permanent pool.
LogInit: Object subsystem initialized
[2017.03.15-14.31.50:149][  0]LogInit: Selected Device Profile: [Windows]
[2017.03.15-14.31.50:149][  0]LogInit: Applying CVar settings loaded from the selected device profile: [Windows]
[2017.03.15-14.31.50:154][  0]LogInit: Computer: XFW
[2017.03.15-14.31.50:154][  0]LogInit: User: xfw
[2017.03.15-14.31.50:154][  0]LogInit: CPU Page size=65536, Cores=4
[2017.03.15-14.31.50:154][  0]LogInit: High frequency timer resolution =3.914058 MHz
[2017.03.15-14.31.50:154][  0]LogMemory: Memory total: Physical=31.9GB (32GB approx)
[2017.03.15-14.31.50:154][  0]LogMemory: Platform Memory Stats for Windows
[2017.03.15-14.31.50:154][  0]LogMemory: Process Physical Memory: 262.66 MB used, 262.66 MB peak
[2017.03.15-14.31.50:154][  0]LogMemory: Process Virtual Memory: 262.71 MB used, 262.71 MB peak
[2017.03.15-14.31.50:154][  0]LogMemory: Physical Memory: 8889.61 MB used,  23809.10 MB free, 32698.71 MB total
[2017.03.15-14.31.50:154][  0]LogMemory: Virtual Memory: 644.39 MB used,  23809.10 MB free, 134217728.00 MB total
[2017.03.15-14.31.50:305][  0]LogTextLocalizationManager: No specific translations for ('en-AS') exist, so ('en') translations will be used.
[2017.03.15-14.31.50:844][  0]LogD3D11RHI: D3D11 adapters:
[2017.03.15-14.31.50:865][  0]LogD3D11RHI:    0. 'NVIDIA GeForce GTX 1080' (Feature Level 11_0)
[2017.03.15-14.31.50:865][  0]LogD3D11RHI:       8144/0/16349 MB DedicatedVideo/DedicatedSystem/SharedSystem, Outputs:1, VendorId:0x10de
[2017.03.15-14.31.50:868][  0]LogD3D11RHI:    1. 'Microsoft Basic Render Driver' (Feature Level 11_0)
[2017.03.15-14.31.50:868][  0]LogD3D11RHI:       0/0/16349 MB DedicatedVideo/DedicatedSystem/SharedSystem, Outputs:0, VendorId:0x1414
[2017.03.15-14.31.50:868][  0]LogD3D11RHI: Chosen D3D11 Adapter: 0
[2017.03.15-14.31.50:873][  0]LogD3D11RHI: Creating new Direct3DDevice
[2017.03.15-14.31.50:873][  0]LogD3D11RHI:     GPU DeviceId: 0x1b80 (for the marketing name, search the web for "GPU Device Id")
[2017.03.15-14.31.50:873][  0]LogWindows: EnumDisplayDevices:
[2017.03.15-14.31.50:873][  0]LogWindows:    0. 'NVIDIA GeForce GTX 1080' (P:1 D:1)
[2017.03.15-14.31.50:873][  0]LogWindows:    1. 'NVIDIA GeForce GTX 1080' (P:0 D:0)
[2017.03.15-14.31.50:873][  0]LogWindows:    2. 'NVIDIA GeForce GTX 1080' (P:0 D:0)
[2017.03.15-14.31.50:873][  0]LogWindows:    3. 'NVIDIA GeForce GTX 1080' (P:0 D:0)
[2017.03.15-14.31.50:873][  0]LogWindows: DebugString: FoundDriverCount:4 
[2017.03.15-14.31.50:873][  0]LogD3D11RHI:     Adapter Name: NVIDIA GeForce GTX 1080
[2017.03.15-14.31.50:873][  0]LogD3D11RHI:   Driver Version: 376.53 (internal:21.21.13.7653, unified:376.53)
[2017.03.15-14.31.50:873][  0]LogD3D11RHI:      Driver Date: 12-29-2016
[2017.03.15-14.31.50:873][  0]LogRHI: Texture pool is 1361 MB (70% of 1945 MB)
[2017.03.15-14.31.50:886][  0]LogD3D11RHI: Async texture creation enabled
[2017.03.15-14.31.50:898][  0]LogD3D11RHI: GPU Timing Frequency: 1000.000000 (Debug: 2 1)
[2017.03.15-14.31.50:949][  0]LogShaderCompilers: Guid format shader working directory is 17 characters bigger than the processId version (F:/UE4/Project/SmartSpider/Intermediate/Shaders/WorkingDirectory/13872/).
[2017.03.15-14.31.50:950][  0]LogShaderCompilers: Cleaned the shader compiler working directory 'C:/Users/xfw/AppData/Local/Temp/UnrealShaderWorkingDir/1AE87C354ABA2B0655066097851EACA6/'.
[2017.03.15-14.31.50:950][  0]LogShaderCompilers:Display: Using Local Shader Compiler.
[2017.03.15-14.31.52:002][  0]LogTemp:Display: Loaded TP AllDesktopTargetPlatform
[2017.03.15-14.31.52:040][  0]LogTemp:Display: Loaded TP MacClientTargetPlatform
[2017.03.15-14.31.52:077][  0]LogTemp:Display: Loaded TP MacNoEditorTargetPlatform
[2017.03.15-14.31.52:116][  0]LogTemp:Display: Loaded TP MacServerTargetPlatform
[2017.03.15-14.31.52:154][  0]LogTemp:Display: Loaded TP MacTargetPlatform
[2017.03.15-14.31.52:192][  0]LogTemp:Display: Loaded TP WindowsClientTargetPlatform
[2017.03.15-14.31.52:230][  0]LogTemp:Display: Loaded TP WindowsNoEditorTargetPlatform
[2017.03.15-14.31.52:268][  0]LogTemp:Display: Loaded TP WindowsServerTargetPlatform
[2017.03.15-14.31.52:299][  0]LogTemp:Display: Loaded TP WindowsTargetPlatform
[2017.03.15-14.31.52:335][  0]LogTemp:Display: Loaded TP AndroidTargetPlatform
[2017.03.15-14.31.52:372][  0]LogTemp:Display: Loaded TP Android_ASTCTargetPlatform
[2017.03.15-14.31.52:408][  0]LogTemp:Display: Loaded TP Android_ATCTargetPlatform
[2017.03.15-14.31.52:445][  0]LogTemp:Display: Loaded TP Android_DXTTargetPlatform
[2017.03.15-14.31.52:481][  0]LogTemp:Display: Loaded TP Android_ETC1TargetPlatform
[2017.03.15-14.31.52:519][  0]LogTemp:Display: Loaded TP Android_ETC2TargetPlatform
[2017.03.15-14.31.52:592][  0]LogTemp:Display: Loaded TP Android_MultiTargetPlatform
[2017.03.15-14.31.52:592][  0]LogTemp:Display: Loaded TP Android_PVRTCTargetPlatform
[2017.03.15-14.31.52:617][  0]LogTemp:Display: Loaded TP HTML5TargetPlatform
[2017.03.15-14.31.52:693][  0]LogTemp:Display: Loaded TP IOSTargetPlatform
[2017.03.15-14.31.52:717][  0]LogTemp:Display: Loaded TP TVOSTargetPlatform
[2017.03.15-14.31.52:754][  0]LogTemp:Display: Loaded TP LinuxClientTargetPlatform
[2017.03.15-14.31.52:796][  0]LogTemp:Display: Loaded TP LinuxNoEditorTargetPlatform
[2017.03.15-14.31.52:832][  0]LogTemp:Display: Loaded TP LinuxServerTargetPlatform
[2017.03.15-14.31.52:869][  0]LogTemp:Display: Loaded TP LinuxTargetPlatform
[2017.03.15-14.31.52:869][  0]LogTargetPlatformManager:Display: Building Assets For Windows
[2017.03.15-14.31.53:262][  0]LogDerivedDataCache:Display: Max Cache Size: 512 MB
[2017.03.15-14.31.53:583][  0]LogDerivedDataCache: Loaded boot cache 0.32s 50MB C:/Users/xfw/AppData/Local/UnrealEngine/4.15/DerivedDataCache/Boot.ddc.
[2017.03.15-14.31.53:583][  0]LogDerivedDataCache:Display: Loaded Boot cache: C:/Users/xfw/AppData/Local/UnrealEngine/4.15/DerivedDataCache/Boot.ddc
[2017.03.15-14.31.53:583][  0]LogDerivedDataCache: FDerivedDataBackendGraph:  Pak pak cache file F:/UE4/Project/SmartSpider/DerivedDataCache/DDC.ddp not found, will not use a pak cache.
[2017.03.15-14.31.53:583][  0]LogDerivedDataCache: Unable to find inner node Pak for hierarchical cache Hierarchy.
[2017.03.15-14.31.53:583][  0]LogDerivedDataCache: FDerivedDataBackendGraph:  CompressedPak pak cache file F:/UE4/Project/SmartSpider/DerivedDataCache/Compressed.ddp not found, will not use a pak cache.
[2017.03.15-14.31.53:583][  0]LogDerivedDataCache: Unable to find inner node CompressedPak for hierarchical cache Hierarchy.
[2017.03.15-14.31.53:635][  0]LogDerivedDataCache:Display: Pak cache opened for reading ../../../Engine/DerivedDataCache/Compressed.ddp.
[2017.03.15-14.31.53:649][  0]LogDerivedDataCache: Using Local data cache path C:/Users/xfw/AppData/Local/UnrealEngine/Common/DerivedDataCache: Writable
[2017.03.15-14.31.53:663][  0]LogSlate: Using Freetype 2.6.0
[2017.03.15-14.31.53:665][  0]LogSlate: SlateFontCache - WITH_FREETYPE: 1, WITH_HARFBUZZ: 1
[2017.03.15-14.31.53:665][  0]LogSlate: SlateFontCache - WITH_FREETYPE: 1, WITH_HARFBUZZ: 1
[2017.03.15-14.31.54:624][  0]LogInit: Selected Device Profile: [Windows]
[2017.03.15-14.31.54:627][  0]LogContentStreaming: Texture pool size is 0.00 MB
[2017.03.15-14.31.54:777][  0]LogMeshUtilities: Using QuadricMeshReduction for automatic static mesh reduction
[2017.03.15-14.31.54:809][  0]LogSimplygon: Simplygon DLL not present - disabling.
[2017.03.15-14.31.54:843][  0]LogMeshUtilities: Using SimplygonSwarm for distributed automatic mesh merging
[2017.03.15-14.31.54:843][  0]LogMeshUtilities: No automatic skeletal mesh reduction module available
[2017.03.15-14.31.54:843][  0]LogMeshUtilities: No automatic mesh merging module available
[2017.03.15-14.31.55:274][  0]LogNetVersion: GetLocalNetworkVersion: CL: 3299760, ProjectName: smartspider, ProjectVersion: , EngineNetworkVersion: 2, GameNetworkVersion: 0, NetworkChecksum: 460708255
[2017.03.15-14.31.55:315][  0]LogAssetRegistry: FAssetRegistry took 0.0221 seconds to start up
[2017.03.15-14.31.55:341][  0]LogPackageLocalizationCache: Processed 3 localized package path(s) for 2 prioritized culture(s) in 0.010787 seconds
[2017.03.15-14.31.55:345][  0]LogUObjectArray: 32475 objects as part of root set at end of initial load.
[2017.03.15-14.31.55:345][  0]LogUObjectAllocator: 7073360 out of 0 bytes used by permanent object pool.
[2017.03.15-14.31.55:345][  0]LogUObjectArray: CloseDisregardForGC: 0/0 objects in disregard for GC pool
[2017.03.15-14.31.55:393][  0]LogInit: WinSock: version 1.1 (2.2), MaxSocks=32767, MaxUdp=65467
[2017.03.15-14.31.56:987][  0]LogTcpMessaging: Initializing TcpMessaging bridge
[2017.03.15-14.31.57:021][  0]LogUdpMessaging: Initializing bridge on interface 0.0.0.0:0 to multicast group 230.0.0.1:6666.
[2017.03.15-14.31.57:488][  0]LogMaterial: Uniform references updated for custom material expression Custom.
[2017.03.15-14.31.57:746][  0]SourceControl: Info Source control is disabled
[2017.03.15-14.31.57:765][  0]SourceControl: Info Source control is disabled
[2017.03.15-14.31.57:799][  0]SourceControl: Info Source control is disabled
[2017.03.15-14.31.57:831][  0]SourceControl: Info Source control is disabled
[2017.03.15-14.31.58:770][  0]LogEngine: Initializing Engine...
[2017.03.15-14.31.58:771][  0]LogHMD: Failed to initialize OpenVR with code 110
[2017.03.15-14.31.58:963][  0]LogAIModule: Creating AISystem for world Untitled
[2017.03.15-14.31.58:969][  0]LogInit: XAudio2 using 'Speakers (Realtek High Definition Audio)' : 2 channels at 48 kHz using 32 bits per sample (channel mask 0x3)
[2017.03.15-14.31.59:005][  0]LogInit: FAudioDevice initialized.
[2017.03.15-14.31.59:025][  0]LogDerivedDataCache: Saved boot cache 0.02s 50MB C:/Users/xfw/AppData/Local/UnrealEngine/4.15/DerivedDataCache/Boot.ddc.
[2017.03.15-14.31.59:029][  0]LogInit: Texture streaming: Enabled
[2017.03.15-14.31.59:103][  0]LogEngineSessionManager: EngineSessionManager initialized
[2017.03.15-14.31.59:170][  0]LogInit: Transaction tracking system initialized
[2017.03.15-14.31.59:424][  0]BlueprintLog: New page: Editor Load
[2017.03.15-14.32.00:154][  0]LocalizationService: Info Localization service is disabled
[2017.03.15-14.32.00:672][  0]LogConsoleResponse:Display: 
[2017.03.15-14.32.00:787][  0]LogCook:Display: Max memory allowance for cook 16384mb min free memory 0mb
[2017.03.15-14.32.00:787][  0]LogCook:Display: Mobile HDR setting 1
[2017.03.15-14.32.01:022][  0]LogFileCache: Scanning file cache for directory 'F:/UE4/Project/SmartSpider/Content/' took 0.01s
[2017.03.15-14.32.01:586][  0]SourceControl: Info Source control is disabled
[2017.03.15-14.32.01:586][  0]Cmd: MAP LOAD FILE="F:/UE4/Project/SmartSpider/Content/ThirdPersonBP/Maps/ThirdPersonExampleMap.umap" TEMPLATE=0 SHOWPROGRESS=1 FEATURELEVEL=3
[2017.03.15-14.32.01:587][  0]LightingResults: New page: Lighting Build
[2017.03.15-14.32.01:619][  0]MapCheck: New page: Map Check
[2017.03.15-14.32.01:619][  0]LightingResults: New page: Lighting Build
[2017.03.15-14.32.02:060][  0]LogAIModule: Creating AISystem for world ThirdPersonExampleMap
[2017.03.15-14.32.02:065][  0]LogEditorServer: Finished looking for orphan Actors (0.000 secs)
[2017.03.15-14.32.02:065][  0]Cmd: MAP CHECKDEP NOCLEARLOG
[2017.03.15-14.32.02:089][  0]MapCheck: Info Map check complete: 0 Error(s), 0 Warning(s), took 23.383ms to complete.
[2017.03.15-14.32.02:089][  0]LogFileHelpers: Loading map 'ThirdPersonExampleMap' took 0.503
[2017.03.15-14.32.02:145][  0]LogWindowsTextInputMethodSystem:Display: IME system now activated using TSF (搜狗拼音输入法).
[2017.03.15-14.32.02:273][  0]LogCollectionManager: Loaded 0 collections in 0.001857 seconds
[2017.03.15-14.32.02:344][  0]LogFileCache: Scanning file cache for directory 'F:/UE4/Project/SmartSpider/Saved/Collections/' took 0.01s
[2017.03.15-14.32.02:344][  0]LogFileCache: Scanning file cache for directory 'F:/UE4/Project/SmartSpider/Content/Developers/xfw/Collections/' took 0.01s
[2017.03.15-14.32.02:344][  0]LogFileCache: Scanning file cache for directory 'F:/UE4/Project/SmartSpider/Content/Collections/' took 0.01s
[2017.03.15-14.32.02:344][  0]LogCollectionManager: Rebuilt the GUID cache for 0 collections in 0.000210 seconds
[2017.03.15-14.32.02:351][  0]LogContentBrowser: Native class hierarchy populated in 0.0066 seconds. Added 2244 classes and 450 folders.
[2017.03.15-14.32.02:354][  0]LogStats: UGameplayTagsManager::ConstructGameplayTagTree: Construct from data asset -  0.000 s
[2017.03.15-14.32.02:355][  0]LogStats: UGameplayTagsManager::ConstructGameplayTagTree: GameplayTagTreeChangedEvent.Broadcast -  0.000 s
[2017.03.15-14.32.02:399][  0]LogContentBrowser: Native class hierarchy updated for 'WidgetCarousel' in 0.0004 seconds. Added 0 classes and 0 folders.
[2017.03.15-14.32.02:486][  0]LogContentBrowser: Native class hierarchy updated for 'AddContentDialog' in 0.0004 seconds. Added 0 classes and 0 folders.
[2017.03.15-14.32.02:518][  0]LogContentBrowser: Native class hierarchy updated for 'SceneOutliner' in 0.0004 seconds. Added 1 classes and 2 folders.
[2017.03.15-14.32.02:606][  0]LogCrashTracker: Crashtracker disabled due to settings.
[2017.03.15-14.32.02:614][  0]LogUObjectGlobals:Warning: Failed to find object 'Class None.'
[2017.03.15-14.32.02:671][  0]LogContentBrowser: Native class hierarchy updated for 'HierarchicalLODOutliner' in 0.0004 seconds. Added 1 classes and 2 folders.
[2017.03.15-14.32.02:671][  0]LogLoad: (Engine Initialization) Total time: 14.40 seconds
[2017.03.15-14.32.02:671][  0]LogLoad: (Engine Initialization) Total Blueprint compile time: 0.19 seconds
[2017.03.15-14.32.02:671][  0]LogExternalProfiler: Found external profiler: VSPerf
[2017.03.15-14.32.02:671][  0]LogExternalProfiler: Using external profiler: VSPerf
[2017.03.15-14.32.02:681][  0]LogOcInput: OculusInput pre-init called
[2017.03.15-14.32.02:695][  0]LogAssetRegistry: Asset discovery search completed in 7.4023 seconds
[2017.03.15-14.32.02:695][  0]LogCollectionManager: Rebuilt the object cache for 0 collections in 0.000003 seconds (found 0 objects)
[2017.03.15-14.32.02:695][  0]LogCollectionManager: Fixed up redirectors for 0 collections in 0.000017 seconds (updated 0 objects)
[2017.03.15-14.32.02:699][  0]LogContentStreaming: Texture pool size now 1000 MB
[2017.03.15-14.32.02:708][  0]LogSlate: Took 0.001062 seconds to synchronously load lazily loaded font '../../../Engine/Content/Slate/Fonts/Roboto-Regular.ttf' (155K)
[2017.03.15-14.32.02:713][  0]LogSlate: Took 0.001839 seconds to synchronously load lazily loaded font '../../../Engine/Content/Slate/Fonts/Roboto-Bold.ttf' (160K)
[2017.03.15-14.32.02:718][  0]LogSlate: Took 0.001279 seconds to synchronously load lazily loaded font '../../../Engine/Content/Editor/Slate/Fonts/FontAwesome.ttf' (139K)
[2017.03.15-14.32.02:719][  0]LogSlate: Took 0.001163 seconds to synchronously load lazily loaded font '../../../Engine/Content/Editor/Slate/Fonts/DroidSansMono.ttf' (77K)
[2017.03.15-14.32.02:748][  0]LogSlate: Took 0.019737 seconds to synchronously load lazily loaded font '../../../Engine/Content/Slate/Fonts/DroidSansFallback.ttf' (3848K)
[2017.03.15-14.32.02:881][  0]LogRenderer: Reallocating scene render targets to support 1468x808 NumSamples 1 (Frame:2).
[2017.03.15-14.32.03:692][ 81]LogSlate: Took 0.001067 seconds to synchronously load lazily loaded font '../../../Engine/Content/Slate/Fonts/Roboto-Light.ttf' (159K)
[2017.03.15-14.32.04:020][ 81]LogContentBrowser: Native class hierarchy updated for 'BlueprintGraph' in 0.0007 seconds. Added 112 classes and 0 folders.
[2017.03.15-14.32.05:041][ 81]LogContentBrowser: Native class hierarchy updated for 'SkeletonEditor' in 0.0004 seconds. Added 1 classes and 2 folders.
[2017.03.15-14.32.05:160][ 81]LogActorComponent: RegisterComponentWithWorld: (/Engine/Transient.World_2:PersistentLevel.Actor_0.DebugSkelMeshComponent_0) Already registered. Aborting.
[2017.03.15-14.32.05:259][ 81]LogSkeletalMesh: USkeletalMeshComponent::InitArticulated : Bodies already created (/Engine/Transient.World_2:PersistentLevel.Actor_0.DebugSkelMeshComponent_0) - call TermArticulated first.
[2017.03.15-14.32.05:350][ 81]LogActorComponent: RegisterComponentWithWorld: (/Engine/Transient.World_4:PersistentLevel.Actor_1.DebugSkelMeshComponent_2) Already registered. Aborting.
[2017.03.15-14.32.05:373][ 81]LogSkeletalMesh: USkeletalMeshComponent::InitArticulated : Bodies already created (/Engine/Transient.World_4:PersistentLevel.Actor_1.DebugSkelMeshComponent_2) - call TermArticulated first.
[2017.03.15-14.32.06:596][ 81]LogSlate: Took 0.001253 seconds to synchronously load lazily loaded font '../../../Engine/Content/Editor/Slate/Fonts/Roboto-BoldCondensed.ttf' (158K)
[2017.03.15-14.32.06:761][ 82]LogRenderer: Reallocating scene render targets to support 1528x1248 NumSamples 1 (Frame:95).
[2017.03.15-14.32.06:781][ 82]LogSlate: Took 0.001260 seconds to synchronously load lazily loaded font '../../../Engine/Content/Editor/Slate/Fonts/Roboto-Italic.ttf' (157K)
[2017.03.15-14.32.11:790][531]LogActorComponent: UnregisterComponent: (/Engine/Transient.EditorFloorComp) Not registered. Aborting.
[2017.03.15-14.32.11:839][531]LogActorComponent: UnregisterComponent: (/Engine/Transient.EditorFloorComp) Not registered. Aborting.
[2017.03.15-14.32.12:072][550]LogSynthBenchmark:Display: FSynthBenchmark (V0.95):  requested WorkScale=5.00
[2017.03.15-14.32.12:072][550]LogSynthBenchmark:Display: ===============
[2017.03.15-14.32.12:072][550]LogSynthBenchmark:Display: Main Processor:
[2017.03.15-14.32.12:248][550]LogSynthBenchmark:Display:          ... 0.017611 s/Run 'RayIntersect'
[2017.03.15-14.32.12:248][550]LogSynthBenchmark:Display:          ... 0.017638 s/Run 'Fractal'
[2017.03.15-14.32.12:248][550]LogSynthBenchmark:Display: 
[2017.03.15-14.32.12:248][550]LogSynthBenchmark:Display:   CompiledTarget_x_Bits: 64
[2017.03.15-14.32.12:248][550]LogSynthBenchmark:Display:   UE_BUILD_SHIPPING: 0
[2017.03.15-14.32.12:248][550]LogSynthBenchmark:Display:   UE_BUILD_TEST: 0
[2017.03.15-14.32.12:248][550]LogSynthBenchmark:Display:   UE_BUILD_DEBUG: 0
[2017.03.15-14.32.12:248][550]LogSynthBenchmark:Display:   TotalPhysicalGBRam: 32
[2017.03.15-14.32.12:249][550]LogSynthBenchmark:Display:   NumberOfCores (physical): 4
[2017.03.15-14.32.12:249][550]LogSynthBenchmark:Display:   NumberOfCores (logical): 8
[2017.03.15-14.32.12:249][550]LogSynthBenchmark:Display:   CPU Perf Index 0: 145.4 (weight 1.00)
[2017.03.15-14.32.12:249][550]LogSynthBenchmark:Display:   CPU Perf Index 1: 162.2 (weight 1.50)
[2017.03.15-14.32.12:249][550]LogSynthBenchmark:Display:  
[2017.03.15-14.32.12:249][550]LogSynthBenchmark:Display: Graphics:
[2017.03.15-14.32.12:249][550]LogSynthBenchmark:Display:   Adapter Name: 'NVIDIA GeForce GTX 1080'
[2017.03.15-14.32.12:249][550]LogSynthBenchmark:Display:   (On Optimus the name might be wrong, memory should be ok)
[2017.03.15-14.32.12:249][550]LogSynthBenchmark:Display:   Vendor Id: 0x10DE
[2017.03.15-14.32.12:249][550]LogSynthBenchmark:Display:   Device Id: 0x1B80
[2017.03.15-14.32.12:249][550]LogSynthBenchmark:Display:   Device Revision: 0xA1
[2017.03.15-14.32.12:249][550]LogSynthBenchmark:Display:   GPU Memory: 8145/0/16350 MB
[2017.03.15-14.32.12:285][550]LogSynthBenchmark:Display:   GPU first test: 0.00s
[2017.03.15-14.32.12:285][550]LogSynthBenchmark:Display:          ... 9.900 s/GigaPix, Confidence=70% 'ALUHeavyNoise' (likely to be very inaccurate)
[2017.03.15-14.32.12:285][550]LogSynthBenchmark:Display:          ... 7.063 s/GigaPix, Confidence=89% 'TexHeavy' (likely to be very inaccurate)
[2017.03.15-14.32.12:285][550]LogSynthBenchmark:Display:          ... 5.165 s/GigaPix, Confidence=89% 'DepTexHeavy' (likely to be very inaccurate)
[2017.03.15-14.32.12:286][550]LogSynthBenchmark:Display:          ... 13.396 s/GigaPix, Confidence=89% 'FillOnly' (likely to be very inaccurate)
[2017.03.15-14.32.12:286][550]LogSynthBenchmark:Display:          ... 1.305 s/GigaPix, Confidence=100% 'Bandwidth' (likely to be very inaccurate)
[2017.03.15-14.32.12:286][550]LogSynthBenchmark:Display:          ... 31.527 s/GigaVert, Confidence=100% 'VertThroughPut1' (likely to be very inaccurate)
[2017.03.15-14.32.12:286][550]LogSynthBenchmark:Display:          ... 31.527 s/GigaVert, Confidence=100% 'VertThroughPut2' (likely to be very inaccurate)
[2017.03.15-14.32.12:330][550]LogSynthBenchmark:Display:   GPU second test: 0.01s
[2017.03.15-14.32.12:330][550]LogSynthBenchmark:Display:          ... 17.389 s/GigaPix, Confidence=100% 'ALUHeavyNoise' (likely to be inaccurate)
[2017.03.15-14.32.12:330][550]LogSynthBenchmark:Display:          ... 14.664 s/GigaPix, Confidence=100% 'TexHeavy' (likely to be inaccurate)
[2017.03.15-14.32.12:330][550]LogSynthBenchmark:Display:          ... 12.182 s/GigaPix, Confidence=100% 'DepTexHeavy' (likely to be inaccurate)
[2017.03.15-14.32.12:330][550]LogSynthBenchmark:Display:          ... 58.865 s/GigaPix, Confidence=89% 'FillOnly' (likely to be inaccurate)
[2017.03.15-14.32.12:330][550]LogSynthBenchmark:Display:          ... 1.657 s/GigaPix, Confidence=100% 'Bandwidth' (likely to be inaccurate)
[2017.03.15-14.32.12:331][550]LogSynthBenchmark:Display:          ... 11.458 s/GigaVert, Confidence=89% 'VertThroughPut1' (likely to be inaccurate)
[2017.03.15-14.32.12:331][550]LogSynthBenchmark:Display:          ... 7.336 s/GigaVert, Confidence=100% 'VertThroughPut2' (likely to be inaccurate)
[2017.03.15-14.32.12:966][550]LogSynthBenchmark:Display:   GPU third test: 0.60s
[2017.03.15-14.32.12:966][550]LogSynthBenchmark:Display:          ... 22.959 s/GigaPix, Confidence=89% 'ALUHeavyNoise'
[2017.03.15-14.32.12:966][550]LogSynthBenchmark:Display:          ... 18.036 s/GigaPix, Confidence=100% 'TexHeavy'
[2017.03.15-14.32.12:966][550]LogSynthBenchmark:Display:          ... 17.032 s/GigaPix, Confidence=89% 'DepTexHeavy'
[2017.03.15-14.32.12:966][550]LogSynthBenchmark:Display:          ... 99.302 s/GigaPix, Confidence=89% 'FillOnly'
[2017.03.15-14.32.12:966][550]LogSynthBenchmark:Display:          ... 1.695 s/GigaPix, Confidence=100% 'Bandwidth'
[2017.03.15-14.32.12:966][550]LogSynthBenchmark:Display:          ... 6.323 s/GigaVert, Confidence=100% 'VertThroughPut1'
[2017.03.15-14.32.12:966][550]LogSynthBenchmark:Display:          ... 6.664 s/GigaVert, Confidence=100% 'VertThroughPut2'
[2017.03.15-14.32.12:966][550]LogSynthBenchmark:Display:   GPU Final Results:
[2017.03.15-14.32.12:966][550]LogSynthBenchmark:Display:          ... 22.959 s/GigaPix, Confidence=89% 'ALUHeavyNoise'
[2017.03.15-14.32.12:966][550]LogSynthBenchmark:Display:          ... 18.036 s/GigaPix, Confidence=100% 'TexHeavy'
[2017.03.15-14.32.12:966][550]LogSynthBenchmark:Display:          ... 17.032 s/GigaPix, Confidence=89% 'DepTexHeavy'
[2017.03.15-14.32.12:966][550]LogSynthBenchmark:Display:          ... 99.302 s/GigaPix, Confidence=89% 'FillOnly'
[2017.03.15-14.32.12:966][550]LogSynthBenchmark:Display:          ... 1.695 s/GigaPix, Confidence=100% 'Bandwidth'
[2017.03.15-14.32.12:967][550]LogSynthBenchmark:Display:          ... 6.323 s/GigaVert, Confidence=100% 'VertThroughPut1'
[2017.03.15-14.32.12:967][550]LogSynthBenchmark:Display:          ... 6.664 s/GigaVert, Confidence=100% 'VertThroughPut2'
[2017.03.15-14.32.12:967][550]LogSynthBenchmark:Display: 
[2017.03.15-14.32.12:967][550]LogSynthBenchmark:Display:   GPU Perf Index 0: 499.0 (weight 1.00)
[2017.03.15-14.32.12:967][550]LogSynthBenchmark:Display:   GPU Perf Index 1: 242.2 (weight 0.10)
[2017.03.15-14.32.12:967][550]LogSynthBenchmark:Display:   GPU Perf Index 2: 442.7 (weight 0.10)
[2017.03.15-14.32.12:967][550]LogSynthBenchmark:Display:   GPU Perf Index 3: 390.0 (weight 3.00)
[2017.03.15-14.32.12:967][550]LogSynthBenchmark:Display:   GPU Perf Index 4: 158.1 (weight 1.00)
[2017.03.15-14.32.12:967][550]LogSynthBenchmark:Display:   GPU Perf Index 5: 411.4 (weight 0.00)
[2017.03.15-14.32.12:967][550]LogSynthBenchmark:Display:   GPU Perf Index 6: 377.2 (weight 0.00)
[2017.03.15-14.32.12:967][550]LogSynthBenchmark:Display:   CPUIndex: 155.5
[2017.03.15-14.32.12:967][550]LogSynthBenchmark:Display:   GPUIndex: 364.5
[2017.03.15-14.32.12:967][550]LogSynthBenchmark:Display: 
[2017.03.15-14.32.12:967][550]LogSynthBenchmark:Display:          ... Total Time: 0.895536 sec
[2017.03.15-14.32.25:599][ 44]BlueprintLog: New page: Compile SmartSpider_BP
[2017.03.15-14.32.26:354][105]Cmd: OBJ SAVEPACKAGE PACKAGE="/Game/SmartSpider/BP/SmartSpider_BP" FILE="F:/UE4/Project/SmartSpider/Content/SmartSpider/BP/SmartSpider_BP.uasset" SILENT=true
[2017.03.15-14.32.26:473][105]LogSavePackage: Save=117.18ms
[2017.03.15-14.32.26:473][105]LogSavePackage: Moving 'F:/UE4/Project/SmartSpider/Saved/SmartSpider_BPF0387EDA4062E39C5B95E2AC08925C4E.tmp' to 'F:/UE4/Project/SmartSpider/Content/SmartSpider/BP/SmartSpider_BP.uasset'
[2017.03.15-14.32.26:474][105]LogSavePackage:Display: Finished SavePackage F:/UE4/Project/SmartSpider/Content/SmartSpider/BP/SmartSpider_BP.uasset
[2017.03.15-14.32.28:486][332]LogTemp: Repeting last play command: Selected Viewport
[2017.03.15-14.32.28:496][332]LogBlueprintUserMessages: Early PlayInEditor Detection: Level '/Game/ThirdPersonBP/Maps/ThirdPersonExampleMap.ThirdPersonExampleMap:PersistentLevel' has LevelScriptBlueprint '/Game/ThirdPersonBP/Maps/ThirdPersonExampleMap.ThirdPersonExampleMap:PersistentLevel.ThirdPersonExampleMap' with GeneratedClass '/Game/ThirdPersonBP/Maps/ThirdPersonExampleMap.ThirdPersonExampleMap_C' with ClassGeneratedBy '/Game/ThirdPersonBP/Maps/ThirdPersonExampleMap.ThirdPersonExampleMap:PersistentLevel.ThirdPersonExampleMap'
[2017.03.15-14.32.28:496][332]LogPlayLevel: PlayLevel: No blueprints needed recompiling
[2017.03.15-14.32.28:498][332]PIE: New page: PIE session: ThirdPersonExampleMap (Mar 16, 2017, 6:32:28 AM)
[2017.03.15-14.32.28:498][332]LogPlayLevel: Creating play world package: /Game/ThirdPersonBP/Maps/UEDPIE_0_ThirdPersonExampleMap
[2017.03.15-14.32.28:523][332]LogPlayLevel: PIE: StaticDuplicateObject took: (0.024736s)
[2017.03.15-14.32.28:523][332]LogAIModule: Creating AISystem for world ThirdPersonExampleMap
[2017.03.15-14.32.28:523][332]LogPlayLevel: PIE: World Init took: (0.000642s)
[2017.03.15-14.32.28:523][332]LogPlayLevel: PIE: Created PIE world by copying editor world from /Game/ThirdPersonBP/Maps/ThirdPersonExampleMap.ThirdPersonExampleMap to /Game/ThirdPersonBP/Maps/UEDPIE_0_ThirdPersonExampleMap.ThirdPersonExampleMap (0.025780s)
[2017.03.15-14.32.28:552][332]LogInit: XAudio2 using 'Speakers (Realtek High Definition Audio)' : 2 channels at 48 kHz using 32 bits per sample (channel mask 0x3)
[2017.03.15-14.32.28:569][332]LogInit: FAudioDevice initialized.
[2017.03.15-14.32.28:617][332]LogLoad: Game class is 'SpiderGameMode_BP_C'
[2017.03.15-14.32.28:619][332]LogWorld: Bringing World /Game/ThirdPersonBP/Maps/UEDPIE_0_ThirdPersonExampleMap.ThirdPersonExampleMap up for play (max tick rate 0) at 2017.03.15-22.32.28
[2017.03.15-14.32.28:619][332]LogWorld: Bringing up level for play took: 0.001054
[2017.03.15-14.32.28:647][332]LogContentBrowser: Native class hierarchy updated for 'MovieSceneCapture' in 0.0004 seconds. Added 11 classes and 0 folders.
[2017.03.15-14.32.28:648][332]PIE: Info Play in editor start time for /Game/ThirdPersonBP/Maps/UEDPIE_0_ThirdPersonExampleMap 0.021
[2017.03.15-14.32.28:649][332]LogBlueprintUserMessages: Late PlayInEditor Detection: Level '/Game/ThirdPersonBP/Maps/ThirdPersonExampleMap.ThirdPersonExampleMap:PersistentLevel' has LevelScriptBlueprint '/Game/ThirdPersonBP/Maps/ThirdPersonExampleMap.ThirdPersonExampleMap:PersistentLevel.ThirdPersonExampleMap' with GeneratedClass '/Game/ThirdPersonBP/Maps/ThirdPersonExampleMap.ThirdPersonExampleMap_C' with ClassGeneratedBy '/Game/ThirdPersonBP/Maps/ThirdPersonExampleMap.ThirdPersonExampleMap:PersistentLevel.ThirdPersonExampleMap'
[2017.03.15-14.33.18:361][291]LogBlueprintUserMessages: Early EndPlayMap Detection: Level '/Game/ThirdPersonBP/Maps/ThirdPersonExampleMap.ThirdPersonExampleMap:PersistentLevel' has LevelScriptBlueprint '/Game/ThirdPersonBP/Maps/ThirdPersonExampleMap.ThirdPersonExampleMap:PersistentLevel.ThirdPersonExampleMap' with GeneratedClass '/Game/ThirdPersonBP/Maps/ThirdPersonExampleMap.ThirdPersonExampleMap_C' with ClassGeneratedBy '/Game/ThirdPersonBP/Maps/ThirdPersonExampleMap.ThirdPersonExampleMap:PersistentLevel.ThirdPersonExampleMap'
[2017.03.15-14.33.18:395][291]LogBlueprintUserMessages: Late EndPlayMap Detection: Level '/Game/ThirdPersonBP/Maps/ThirdPersonExampleMap.ThirdPersonExampleMap:PersistentLevel' has LevelScriptBlueprint '/Game/ThirdPersonBP/Maps/ThirdPersonExampleMap.ThirdPersonExampleMap:PersistentLevel.ThirdPersonExampleMap' with GeneratedClass '/Game/ThirdPersonBP/Maps/ThirdPersonExampleMap.ThirdPersonExampleMap_C' with ClassGeneratedBy '/Game/ThirdPersonBP/Maps/ThirdPersonExampleMap.ThirdPersonExampleMap:PersistentLevel.ThirdPersonExampleMap'
[2017.03.15-14.33.19:872][461]LogTemp: Repeting last play command: Selected Viewport
[2017.03.15-14.33.19:881][461]LogBlueprintUserMessages: Early PlayInEditor Detection: Level '/Game/ThirdPersonBP/Maps/ThirdPersonExampleMap.ThirdPersonExampleMap:PersistentLevel' has LevelScriptBlueprint '/Game/ThirdPersonBP/Maps/ThirdPersonExampleMap.ThirdPersonExampleMap:PersistentLevel.ThirdPersonExampleMap' with GeneratedClass '/Game/ThirdPersonBP/Maps/ThirdPersonExampleMap.ThirdPersonExampleMap_C' with ClassGeneratedBy '/Game/ThirdPersonBP/Maps/ThirdPersonExampleMap.ThirdPersonExampleMap:PersistentLevel.ThirdPersonExampleMap'
[2017.03.15-14.33.19:882][461]LogPlayLevel: PlayLevel: No blueprints needed recompiling
[2017.03.15-14.33.19:882][461]PIE: New page: PIE session: ThirdPersonExampleMap (Mar 16, 2017, 6:33:19 AM)
[2017.03.15-14.33.19:882][461]LogPlayLevel: Creating play world package: /Game/ThirdPersonBP/Maps/UEDPIE_0_ThirdPersonExampleMap
[2017.03.15-14.33.19:896][461]LogPlayLevel: PIE: StaticDuplicateObject took: (0.013644s)
[2017.03.15-14.33.19:896][461]LogAIModule: Creating AISystem for world ThirdPersonExampleMap
[2017.03.15-14.33.19:897][461]LogPlayLevel: PIE: World Init took: (0.000723s)
[2017.03.15-14.33.19:897][461]LogPlayLevel: PIE: Created PIE world by copying editor world from /Game/ThirdPersonBP/Maps/ThirdPersonExampleMap.ThirdPersonExampleMap to /Game/ThirdPersonBP/Maps/UEDPIE_0_ThirdPersonExampleMap.ThirdPersonExampleMap (0.014806s)
[2017.03.15-14.33.19:914][461]LogInit: XAudio2 using 'Speakers (Realtek High Definition Audio)' : 2 channels at 48 kHz using 32 bits per sample (channel mask 0x3)
[2017.03.15-14.33.19:932][461]LogInit: FAudioDevice initialized.
[2017.03.15-14.33.19:960][461]LogLoad: Game class is 'SpiderGameMode_BP_C'
[2017.03.15-14.33.19:962][461]LogWorld: Bringing World /Game/ThirdPersonBP/Maps/UEDPIE_0_ThirdPersonExampleMap.ThirdPersonExampleMap up for play (max tick rate 0) at 2017.03.15-22.33.19
[2017.03.15-14.33.19:962][461]LogWorld: Bringing up level for play took: 0.001099
[2017.03.15-14.33.19:963][461]PIE: Info Play in editor start time for /Game/ThirdPersonBP/Maps/UEDPIE_0_ThirdPersonExampleMap -0.664
[2017.03.15-14.33.19:964][461]LogBlueprintUserMessages: Late PlayInEditor Detection: Level '/Game/ThirdPersonBP/Maps/ThirdPersonExampleMap.ThirdPersonExampleMap:PersistentLevel' has LevelScriptBlueprint '/Game/ThirdPersonBP/Maps/ThirdPersonExampleMap.ThirdPersonExampleMap:PersistentLevel.ThirdPersonExampleMap' with GeneratedClass '/Game/ThirdPersonBP/Maps/ThirdPersonExampleMap.ThirdPersonExampleMap_C' with ClassGeneratedBy '/Game/ThirdPersonBP/Maps/ThirdPersonExampleMap.ThirdPersonExampleMap:PersistentLevel.ThirdPersonExampleMap'
[2017.03.15-14.33.33:452][ 75]LogBlueprintUserMessages: Early EndPlayMap Detection: Level '/Game/ThirdPersonBP/Maps/ThirdPersonExampleMap.ThirdPersonExampleMap:PersistentLevel' has LevelScriptBlueprint '/Game/ThirdPersonBP/Maps/ThirdPersonExampleMap.ThirdPersonExampleMap:PersistentLevel.ThirdPersonExampleMap' with GeneratedClass '/Game/ThirdPersonBP/Maps/ThirdPersonExampleMap.ThirdPersonExampleMap_C' with ClassGeneratedBy '/Game/ThirdPersonBP/Maps/ThirdPersonExampleMap.ThirdPersonExampleMap:PersistentLevel.ThirdPersonExampleMap'
[2017.03.15-14.33.33:484][ 75]LogBlueprintUserMessages: Late EndPlayMap Detection: Level '/Game/ThirdPersonBP/Maps/ThirdPersonExampleMap.ThirdPersonExampleMap:PersistentLevel' has LevelScriptBlueprint '/Game/ThirdPersonBP/Maps/ThirdPersonExampleMap.ThirdPersonExampleMap:PersistentLevel.ThirdPersonExampleMap' with GeneratedClass '/Game/ThirdPersonBP/Maps/ThirdPersonExampleMap.ThirdPersonExampleMap_C' with ClassGeneratedBy '/Game/ThirdPersonBP/Maps/ThirdPersonExampleMap.ThirdPersonExampleMap:PersistentLevel.ThirdPersonExampleMap'
[2017.03.15-14.33.35:654][317]LogSavePackage: Save=84.43ms
[2017.03.15-14.33.35:655][317]LogSavePackage: Moving 'F:/UE4/Project/SmartSpider/Saved/ThirdPersonExampleMap94ADE52E434C1CA13DC778A807F86D72.tmp' to 'F:/UE4/Project/SmartSpider/Content/ThirdPersonBP/Maps/ThirdPersonExampleMap.umap'
[2017.03.15-14.33.35:656][317]LogSavePackage:Display: Finished SavePackage F:/UE4/Project/SmartSpider/Content/ThirdPersonBP/Maps/ThirdPersonExampleMap.umap
[2017.03.15-14.33.35:673][317]Cmd: OBJ SAVEPACKAGE PACKAGE="/Game/ThirdPersonBP/Maps/ThirdPersonExampleMap_BuiltData" FILE="F:/UE4/Project/SmartSpider/Content/ThirdPersonBP/Maps/ThirdPersonExampleMap_BuiltData.uasset" SILENT=true
[2017.03.15-14.33.35:822][317]LogSavePackage: Save=145.67ms
[2017.03.15-14.33.35:822][317]LogSavePackage: Moving 'F:/UE4/Project/SmartSpider/Saved/ThirdPersonExampleMap_BuiltDataF4F4F7D9416DDF937B270C99D8DFE75A.tmp' to 'F:/UE4/Project/SmartSpider/Content/ThirdPersonBP/Maps/ThirdPersonExampleMap_BuiltData.uasset'
[2017.03.15-14.33.35:823][317]LogSavePackage:Display: Finished SavePackage F:/UE4/Project/SmartSpider/Content/ThirdPersonBP/Maps/ThirdPersonExampleMap_BuiltData.uasset
[2017.03.15-14.33.37:660][530]LogActorComponent: UnregisterComponent: (/Engine/Transient.EditorFloorComp) Not registered. Aborting.
[2017.03.15-14.33.37:843][530]LogWindowsTextInputMethodSystem:Display: IME system now activated using TSF (搜狗拼音输入法).
[2017.03.15-14.33.38:096][531]Cmd: QUIT_EDITOR
[2017.03.15-14.33.38:979][531]LogExit: Preparing to exit.
[2017.03.15-14.33.40:241][531]LogExit: Editor shut down
[2017.03.15-14.33.40:241][531]LogExit: Transaction tracking system shut down
[2017.03.15-14.33.40:304][531]LogObj: Freed 0b from 0 cluster array pools.
[2017.03.15-14.33.40:304][531]LogExit: Object subsystem successfully closed.
[2017.03.15-14.33.40:321][531]LogD3D11RHI: Shutdown
[2017.03.15-14.33.40:321][531]LogD3D11RHI: CleanupD3DDevice
[2017.03.15-14.33.40:385][531]LogD3D11RHI: ~FD3D11DynamicRHI
[2017.03.15-14.33.40:394][531]LogModuleManager: Shutting down and abandoning module MovieSceneCapture (508)
[2017.03.15-14.33.40:394][531]LogModuleManager: Shutting down and abandoning module SynthBenchmark (506)
[2017.03.15-14.33.40:394][531]LogModuleManager: Shutting down and abandoning module SkeletonEditor (504)
[2017.03.15-14.33.40:394][531]LogModuleManager: Shutting down and abandoning module AnimationBlueprintEditor (502)
[2017.03.15-14.33.40:394][531]LogModuleManager: Shutting down and abandoning module BlueprintGraph (500)
[2017.03.15-14.33.40:394][531]LogModuleManager: Shutting down and abandoning module BlueprintProfiler (498)
[2017.03.15-14.33.40:394][531]LogModuleManager: Shutting down and abandoning module HierarchicalLODOutliner (496)
[2017.03.15-14.33.40:394][531]LogModuleManager: Shutting down and abandoning module CrashTracker (494)
[2017.03.15-14.33.40:394][531]LogModuleManager: Shutting down and abandoning module SceneOutliner (492)
[2017.03.15-14.33.40:394][531]LogModuleManager: Shutting down and abandoning module AddContentDialog (490)
[2017.03.15-14.33.40:394][531]LogDirectoryWatcher: A directory notification for 'C:/Program Files (x86)/Epic Games/UE_4.15/FeaturePacks/' was aborted.
[2017.03.15-14.33.40:395][531]LogModuleManager: Shutting down and abandoning module WidgetCarousel (489)
[2017.03.15-14.33.40:395][531]LogModuleManager: Shutting down and abandoning module EditorWidgets (486)
[2017.03.15-14.33.40:395][531]LogModuleManager: Shutting down and abandoning module CollectionManager (484)
[2017.03.15-14.33.40:395][531]LogDirectoryWatcher: A directory notification for 'F:/UE4/Project/SmartSpider/Content/Collections/' was aborted.
[2017.03.15-14.33.40:395][531]LogDirectoryWatcher: A directory notification for 'F:/UE4/Project/SmartSpider/Content/Developers/xfw/Collections/' was aborted.
[2017.03.15-14.33.40:395][531]LogDirectoryWatcher: A directory notification for 'F:/UE4/Project/SmartSpider/Saved/Collections/' was aborted.
[2017.03.15-14.33.40:395][531]LogModuleManager: Shutting down and abandoning module StatsViewer (482)
[2017.03.15-14.33.40:395][531]LogModuleManager: Shutting down and abandoning module FoliageEdit (480)
[2017.03.15-14.33.40:395][531]LogModuleManager: Shutting down and abandoning module LandscapeEditor (478)
[2017.03.15-14.33.40:395][531]LogModuleManager: Shutting down and abandoning module SceneDepthPickerMode (476)
[2017.03.15-14.33.40:395][531]LogModuleManager: Shutting down and abandoning module ActorPickerMode (474)
[2017.03.15-14.33.40:395][531]LogModuleManager: Shutting down and abandoning module GeometryMode (472)
[2017.03.15-14.33.40:395][531]LogModuleManager: Shutting down and abandoning module TextureAlignMode (470)
[2017.03.15-14.33.40:395][531]LogModuleManager: Shutting down and abandoning module BspMode (468)
[2017.03.15-14.33.40:395][531]LogModuleManager: Shutting down and abandoning module HardwareSurvey (466)
[2017.03.15-14.33.40:395][531]LogModuleManager: Shutting down and abandoning module SequenceRecorderSections (464)
[2017.03.15-14.33.40:395][531]LogModuleManager: Shutting down and abandoning module AutomationWorker (462)
[2017.03.15-14.33.40:395][531]LogModuleManager: Shutting down and abandoning module MatineeToLevelSequence (460)
[2017.03.15-14.33.40:395][531]LogModuleManager: Shutting down and abandoning module LevelSequenceEditor (458)
[2017.03.15-14.33.40:395][531]LogModuleManager: Shutting down and abandoning module PlacementMode (457)
[2017.03.15-14.33.40:395][531]LogModuleManager: Shutting down and abandoning module WmfMediaFactory (454)
[2017.03.15-14.33.40:395][531]LogModuleManager: Shutting down and abandoning module WmfMediaEditor (452)
[2017.03.15-14.33.40:395][531]LogModuleManager: Shutting down and abandoning module MfMediaFactory (450)
[2017.03.15-14.33.40:395][531]LogModuleManager: Shutting down and abandoning module MfMediaEditor (448)
[2017.03.15-14.33.40:395][531]LogModuleManager: Shutting down and abandoning module AvfMediaFactory (446)
[2017.03.15-14.33.40:395][531]LogModuleManager: Shutting down and abandoning module AvfMediaEditor (444)
[2017.03.15-14.33.40:395][531]LogModuleManager: Shutting down and abandoning module AndroidMediaFactory (442)
[2017.03.15-14.33.40:395][531]LogModuleManager: Shutting down and abandoning module Media (441)
[2017.03.15-14.33.40:395][531]LogModuleManager: Shutting down and abandoning module AndroidMediaEditor (438)
[2017.03.15-14.33.40:395][531]LogModuleManager: Shutting down and abandoning module CharacterAI (436)
[2017.03.15-14.33.40:395][531]LogModuleManager: Shutting down and abandoning module AudioCapture (434)
[2017.03.15-14.33.40:395][531]LogModuleManager: Shutting down and abandoning module SequenceRecorder (433)
[2017.03.15-14.33.40:395][531]LogModuleManager: Shutting down and abandoning module SmartSnapping (430)
[2017.03.15-14.33.40:395][531]LogModuleManager: Shutting down and abandoning module SessionServices (428)
[2017.03.15-14.33.40:395][531]LogModuleManager: Shutting down and abandoning module ViewportSnapping (426)
[2017.03.15-14.33.40:395][531]LogModuleManager: Shutting down and abandoning module ViewportInteraction (424)
[2017.03.15-14.33.40:395][531]LogModuleManager: Shutting down and abandoning module LogVisualizer (422)
[2017.03.15-14.33.40:395][531]LogModuleManager: Shutting down and abandoning module IntroTutorials (420)
[2017.03.15-14.33.40:395][531]LogModuleManager: Shutting down and abandoning module GameProjectGeneration (419)
[2017.03.15-14.33.40:395][531]LogModuleManager: Shutting down and abandoning module EditorLiveStreaming (416)
[2017.03.15-14.33.40:395][531]LogModuleManager: Shutting down and abandoning module IOSPlatformEditor (414)
[2017.03.15-14.33.40:395][531]LogModuleManager: Shutting down and abandoning module HTML5PlatformEditor (412)
[2017.03.15-14.33.40:395][531]LogModuleManager: Shutting down and abandoning module AndroidPlatformEditor (410)
[2017.03.15-14.33.40:395][531]LogModuleManager: Shutting down and abandoning module AndroidDeviceDetection (409)
[2017.03.15-14.33.40:469][531]LogModuleManager: Shutting down and abandoning module IOSRuntimeSettings (406)
[2017.03.15-14.33.40:469][531]LogModuleManager: Shutting down and abandoning module AndroidRuntimeSettings (404)
[2017.03.15-14.33.40:469][531]LogModuleManager: Shutting down and abandoning module InputBindingEditor (402)
[2017.03.15-14.33.40:469][531]LogModuleManager: Shutting down and abandoning module NiagaraEditor (400)
[2017.03.15-14.33.40:469][531]LogModuleManager: Shutting down and abandoning module MergeActors (398)
[2017.03.15-14.33.40:469][531]LogModuleManager: Shutting down and abandoning module SizeMap (396)
[2017.03.15-14.33.40:469][531]LogModuleManager: Shutting down and abandoning module TreeMap (394)
[2017.03.15-14.33.40:469][531]LogModuleManager: Shutting down and abandoning module ReferenceViewer (392)
[2017.03.15-14.33.40:469][531]LogModuleManager: Shutting down and abandoning module LocalizationDashboard (390)
[2017.03.15-14.33.40:469][531]LogModuleManager: Shutting down and abandoning module LocalizationService (389)
[2017.03.15-14.33.40:469][531]LogModuleManager: Shutting down and abandoning module HardwareTargeting (386)
[2017.03.15-14.33.40:469][531]LogModuleManager: Shutting down and abandoning module DeviceProfileEditor (384)
[2017.03.15-14.33.40:469][531]LogModuleManager: Shutting down and abandoning module UndoHistory (382)
[2017.03.15-14.33.40:469][531]LogModuleManager: Shutting down and abandoning module UserFeedback (380)
[2017.03.15-14.33.40:469][531]LogModuleManager: Shutting down and abandoning module XmlParser (378)
[2017.03.15-14.33.40:469][531]LogModuleManager: Shutting down and abandoning module Blutility (376)
[2017.03.15-14.33.40:469][531]LogModuleManager: Shutting down and abandoning module ProjectSettingsViewer (374)
[2017.03.15-14.33.40:469][531]LogModuleManager: Shutting down and abandoning module ProjectTargetPlatformEditor (373)
[2017.03.15-14.33.40:470][531]LogModuleManager: Shutting down and abandoning module EditorSettingsViewer (370)
[2017.03.15-14.33.40:470][531]LogModuleManager: Shutting down and abandoning module SettingsEditor (368)
[2017.03.15-14.33.40:470][531]LogModuleManager: Shutting down and abandoning module ProjectLauncher (366)
[2017.03.15-14.33.40:470][531]LogModuleManager: Shutting down and abandoning module SessionFrontend (364)
[2017.03.15-14.33.40:470][531]LogModuleManager: Shutting down and abandoning module ProfilerClient (362)
[2017.03.15-14.33.40:470][531]LogModuleManager: Shutting down and abandoning module DeviceManager (360)
[2017.03.15-14.33.40:470][531]LogModuleManager: Shutting down and abandoning module TargetDeviceServices (359)
[2017.03.15-14.33.40:514][531]LogModuleManager: Shutting down and abandoning module AutomationController (356)
[2017.03.15-14.33.40:514][531]LogModuleManager: Shutting down and abandoning module AutomationWindow (354)
[2017.03.15-14.33.40:514][531]LogModuleManager: Shutting down and abandoning module Layers (352)
[2017.03.15-14.33.40:514][531]LogModuleManager: Shutting down and abandoning module ComponentVisualizers (350)
[2017.03.15-14.33.40:514][531]LogModuleManager: Shutting down and abandoning module DetailCustomizations (348)
[2017.03.15-14.33.40:514][531]LogModuleManager: Shutting down and abandoning module PackagesDialog (346)
[2017.03.15-14.33.40:514][531]LogModuleManager: Shutting down and abandoning module Persona (344)
[2017.03.15-14.33.40:514][531]LogModuleManager: Shutting down and abandoning module AnimGraph (343)
[2017.03.15-14.33.40:516][531]LogModuleManager: Shutting down and abandoning module Kismet (340)
[2017.03.15-14.33.40:529][531]LogModuleManager: Shutting down and abandoning module GraphEditor (338)
[2017.03.15-14.33.40:529][531]LogModuleManager: Shutting down and abandoning module ClassViewer (336)
[2017.03.15-14.33.40:529][531]LogModuleManager: Shutting down and abandoning module Toolbox (334)
[2017.03.15-14.33.40:530][531]LogModuleManager: Shutting down and abandoning module ModuleUI (332)
[2017.03.15-14.33.40:530][531]LogModuleManager: Shutting down and abandoning module MovieSceneTools (330)
[2017.03.15-14.33.40:530][531]LogModuleManager: Shutting down and abandoning module OutputLog (328)
[2017.03.15-14.33.40:530][531]LogModuleManager: Shutting down and abandoning module GammaUI (326)
[2017.03.15-14.33.40:530][531]LogModuleManager: Shutting down and abandoning module Documentation (324)
[2017.03.15-14.33.40:530][531]LogModuleManager: Shutting down and abandoning module Niagara (322)
[2017.03.15-14.33.40:530][531]LogModuleManager: Shutting down and abandoning module StreamingPauseRendering (320)
[2017.03.15-14.33.40:530][531]LogModuleManager: Shutting down and abandoning module AnalyticsET (318)
[2017.03.15-14.33.40:530][531]LogModuleManager: Shutting down and abandoning module PortalServices (316)
[2017.03.15-14.33.40:530][531]LogModuleManager: Shutting down and abandoning module PortalRpc (314)
[2017.03.15-14.33.40:530][531]LogModuleManager: Shutting down and abandoning module MessagingRpc (312)
[2017.03.15-14.33.40:530][531]LogModuleManager: Shutting down and abandoning module AIModule (310)
[2017.03.15-14.33.40:530][531]LogModuleManager: Shutting down and abandoning module GameplayDebugger (309)
[2017.03.15-14.33.40:530][531]LogModuleManager: Shutting down and abandoning module AITestSuite (307)
[2017.03.15-14.33.40:530][531]LogModuleManager: Shutting down and abandoning module ProfilerService (304)
[2017.03.15-14.33.40:600][531]LogModuleManager: Shutting down and abandoning module TaskGraph (302)
[2017.03.15-14.33.40:600][531]LogModuleManager: Shutting down and abandoning module SteamVRController (300)
[2017.03.15-14.33.40:600][531]LogModuleManager: Shutting down and abandoning module SteamVR (298)
[2017.03.15-14.33.40:600][531]LogModuleManager: Shutting down and abandoning module ProceduralMeshComponentEditor (296)
[2017.03.15-14.33.40:600][531]LogModuleManager: Shutting down and abandoning module ProceduralMeshComponent (294)
[2017.03.15-14.33.40:600][531]LogModuleManager: Shutting down and abandoning module OculusLibrary (292)
[2017.03.15-14.33.40:600][531]LogModuleManager: Shutting down and abandoning module OculusInput (290)
[2017.03.15-14.33.40:600][531]LogModuleManager: Shutting down and abandoning module MobilePatchingUtils (288)
[2017.03.15-14.33.40:600][531]LogModuleManager: Shutting down and abandoning module CustomMeshComponent (286)
[2017.03.15-14.33.40:600][531]LogModuleManager: Shutting down and abandoning module CableComponent (284)
[2017.03.15-14.33.40:600][531]LogModuleManager: Shutting down and abandoning module ArchVisCharacter (282)
[2017.03.15-14.33.40:600][531]LogModuleManager: Shutting down and abandoning module MediaPlayerEditor (278)
[2017.03.15-14.33.40:600][531]LogModuleManager: Shutting down and abandoning module HTML5Networking (276)
[2017.03.15-14.33.40:600][531]LogModuleManager: Shutting down and abandoning module AlembicImporter (274)
[2017.03.15-14.33.40:600][531]LogModuleManager: Shutting down and abandoning module AlembicLibrary (273)
[2017.03.15-14.33.40:600][531]LogModuleManager: Shutting down and abandoning module GeometryCache (272)
[2017.03.15-14.33.40:600][531]LogModuleManager: Shutting down and abandoning module GeometryCacheEd (271)
[2017.03.15-14.33.40:600][531]LogModuleManager: Shutting down and abandoning module SuperSearchEditor (266)
[2017.03.15-14.33.40:600][531]LogModuleManager: Shutting down and abandoning module SuperSearch (265)
[2017.03.15-14.33.40:600][531]LogModuleManager: Shutting down and abandoning module SpeedTreeImporter (262)
[2017.03.15-14.33.40:600][531]LogModuleManager: Shutting down and abandoning module PluginBrowser (260)
[2017.03.15-14.33.40:601][531]LogModuleManager: Shutting down and abandoning module MobileLauncherProfileWizard (258)
[2017.03.15-14.33.40:601][531]LogModuleManager: Shutting down and abandoning module EpicSurvey (256)
[2017.03.15-14.33.40:601][531]LogModuleManager: Shutting down and abandoning module VisualStudioSourceCodeAccess (254)
[2017.03.15-14.33.40:601][531]LogModuleManager: Shutting down and abandoning module DesktopPlatform (253)
[2017.03.15-14.33.40:601][531]LogModuleManager: Shutting down and abandoning module UObjectPlugin (250)
[2017.03.15-14.33.40:601][531]LogModuleManager: Shutting down and abandoning module SubversionSourceControl (248)
[2017.03.15-14.33.40:601][531]LogModuleManager: Shutting down and abandoning module PerforceSourceControl (246)
[2017.03.15-14.33.40:601][531]LogModuleManager: Shutting down and abandoning module GitSourceControl (244)
[2017.03.15-14.33.40:601][531]LogModuleManager: Shutting down and abandoning module SourceControl (243)
[2017.03.15-14.33.40:601][531]LogModuleManager: Shutting down and abandoning module LightPropagationVolumeEditor (240)
[2017.03.15-14.33.40:601][531]LogModuleManager: Shutting down and abandoning module PaperTiledImporter (238)
[2017.03.15-14.33.40:601][531]LogModuleManager: Shutting down and abandoning module PaperSpriteSheetImporter (236)
[2017.03.15-14.33.40:601][531]LogModuleManager: Shutting down and abandoning module Paper2DEditor (234)
[2017.03.15-14.33.40:601][531]LogModuleManager: Shutting down and abandoning module MeshPaint (233)
[2017.03.15-14.33.40:601][531]LogModuleManager: Shutting down and abandoning module LevelEditor (231)
[2017.03.15-14.33.40:603][531]LogModuleManager: Shutting down and abandoning module PixelInspectorModule (230)
[2017.03.15-14.33.40:603][531]LogModuleManager: Shutting down and abandoning module MainFrame (228)
[2017.03.15-14.33.40:603][531]LogModuleManager: Shutting down and abandoning module HotReload (227)
[2017.03.15-14.33.40:604][531]LogModuleManager: Shutting down and abandoning module ContentBrowser (223)
[2017.03.15-14.33.40:606][531]LogModuleManager: Shutting down and abandoning module PhysXVehiclesEditor (220)
[2017.03.15-14.33.40:606][531]LogModuleManager: Shutting down and abandoning module PhysXVehicles (218)
[2017.03.15-14.33.40:606][531]LogModuleManager: Shutting down and abandoning module LocationServicesBPLibrary (216)
[2017.03.15-14.33.40:606][531]LogModuleManager: Shutting down and abandoning module UdpMessaging (214)
[2017.03.15-14.33.40:707][531]LogModuleManager: Shutting down and abandoning module TcpMessaging (212)
[2017.03.15-14.33.41:026][531]LogModuleManager: Shutting down and abandoning module GameplayTagsEditor (210)
[2017.03.15-14.33.41:026][531]LogModuleManager: Shutting down and abandoning module FacialAnimationEditor (208)
[2017.03.15-14.33.41:026][531]LogModuleManager: Shutting down and abandoning module FacialAnimation (206)
[2017.03.15-14.33.41:026][531]LogModuleManager: Shutting down and abandoning module LightPropagationVolumeRuntime (204)
[2017.03.15-14.33.41:026][531]LogModuleManager: Shutting down and abandoning module Paper2D (202)
[2017.03.15-14.33.41:026][531]LogModuleManager: Shutting down and abandoning module WindowsMoviePlayer (200)
[2017.03.15-14.33.41:026][531]LogModuleManager: Shutting down and abandoning module WmfMedia (198)
[2017.03.15-14.33.41:027][531]LogModuleManager: Shutting down and abandoning module MfMedia (196)
[2017.03.15-14.33.41:027][531]LogModuleManager: Shutting down and abandoning module MediaAssets (194)
[2017.03.15-14.33.41:027][531]LogModuleManager: Shutting down and abandoning module GameLiveStreaming (192)
[2017.03.15-14.33.41:027][531]LogModuleManager: Shutting down and abandoning module VREditor (190)
[2017.03.15-14.33.41:027][531]LogModuleManager: Shutting down and abandoning module GameplayTasksEditor (188)
[2017.03.15-14.33.41:027][531]LogModuleManager: Shutting down and abandoning module BehaviorTreeEditor (186)
[2017.03.15-14.33.41:027][531]LogModuleManager: Shutting down and abandoning module FunctionalTesting (184)
[2017.03.15-14.33.41:027][531]LogModuleManager: Shutting down and abandoning module CollisionAnalyzer (182)
[2017.03.15-14.33.41:027][531]LogModuleManager: Shutting down and abandoning module UMG (180)
[2017.03.15-14.33.41:027][531]LogModuleManager: Shutting down and abandoning module UMGEditor (179)
[2017.03.15-14.33.41:027][531]LogModuleManager: Shutting down and abandoning module Sequencer (178)
[2017.03.15-14.33.41:028][531]LogModuleManager: Shutting down and abandoning module AssetTools (176)
[2017.03.15-14.33.41:028][531]LogModuleManager: Shutting down and abandoning module MessageLog (175)
[2017.03.15-14.33.41:028][531]LogModuleManager: Shutting down and abandoning module WorkspaceMenuStructure (174)
[2017.03.15-14.33.41:028][531]LogModuleManager: Shutting down and abandoning module SlateReflector (168)
[2017.03.15-14.33.41:028][531]LogModuleManager: Shutting down and abandoning module Slate (166)
[2017.03.15-14.33.41:028][531]LogModuleManager: Shutting down and abandoning module EditorStyle (164)
[2017.03.15-14.33.41:035][531]LogModuleManager: Shutting down and abandoning module SourceCodeAccess (162)
[2017.03.15-14.33.41:035][531]LogModuleManager: Shutting down and abandoning module HeadMountedDisplay (160)
[2017.03.15-14.33.41:035][531]LogModuleManager: Shutting down and abandoning module XAudio2 (158)
[2017.03.15-14.33.41:035][531]LogModuleManager: Shutting down and abandoning module Networking (156)
[2017.03.15-14.33.41:035][531]LogModuleManager: Shutting down and abandoning module Core (152)
[2017.03.15-14.33.41:035][531]LogModuleManager: Shutting down and abandoning module AssetRegistry (150)
[2017.03.15-14.33.41:130][531]LogDirectoryWatcher: A directory notification for '../../../Engine/Content/' was aborted.
[2017.03.15-14.33.41:130][531]LogDirectoryWatcher: A directory notification for 'F:/UE4/Project/SmartSpider/Content/' was aborted.
[2017.03.15-14.33.41:130][531]LogDirectoryWatcher: A directory notification for '../../../Engine/Plugins/2D/Paper2D/Content/' was aborted.
[2017.03.15-14.33.41:131][531]LogModuleManager: Shutting down and abandoning module DirectoryWatcher (149)
[2017.03.15-14.33.41:131][531]LogModuleManager: Shutting down and abandoning module KismetCompiler (146)
[2017.03.15-14.33.41:131][531]LogModuleManager: Shutting down and abandoning module PhysXFormats (144)
[2017.03.15-14.33.41:131][531]LogModuleManager: Shutting down and abandoning module MeshUtilities (142)
[2017.03.15-14.33.41:131][531]LogModuleManager: Shutting down and abandoning module SimplygonSwarm (141)
[2017.03.15-14.33.41:131][531]LogModuleManager: Shutting down and abandoning module SimplygonMeshReduction (139)
[2017.03.15-14.33.41:131][531]LogModuleManager: Shutting down and abandoning module QuadricMeshReduction (137)
[2017.03.15-14.33.41:131][531]LogModuleManager: Shutting down and abandoning module PropertyEditor (135)
[2017.03.15-14.33.41:131][531]LogModuleManager: Shutting down and abandoning module DerivedDataCache (132)
[2017.03.15-14.33.41:215][531]LogDerivedDataCache: Shutdown
[2017.03.15-14.33.41:215][531]LogModuleManager: Shutting down and abandoning module TargetPlatform (130)
[2017.03.15-14.33.41:215][531]LogModuleManager: Shutting down and abandoning module VulkanShaderFormat (129)
[2017.03.15-14.33.41:215][531]LogModuleManager: Shutting down and abandoning module ShaderFormatOpenGL (127)
[2017.03.15-14.33.41:215][531]LogModuleManager: Shutting down and abandoning module ShaderFormatD3D (125)
[2017.03.15-14.33.41:215][531]LogModuleManager: Shutting down and abandoning module MetalShaderFormat (123)
[2017.03.15-14.33.41:215][531]LogModuleManager: Shutting down and abandoning module TextureFormatUncompressed (121)
[2017.03.15-14.33.41:215][531]LogModuleManager: Shutting down and abandoning module TextureFormatPVR (119)
[2017.03.15-14.33.41:215][531]LogModuleManager: Shutting down and abandoning module TextureFormatDXT (117)
[2017.03.15-14.33.41:215][531]LogModuleManager: Shutting down and abandoning module TextureFormatIntelISPCTexComp (115)
[2017.03.15-14.33.41:215][531]LogModuleManager: Shutting down and abandoning module TextureFormatASTC (113)
[2017.03.15-14.33.41:215][531]LogModuleManager: Shutting down and abandoning module ImageWrapper (112)
[2017.03.15-14.33.41:215][531]LogModuleManager: Shutting down and abandoning module TextureFormatAndroid (109)
[2017.03.15-14.33.41:215][531]LogModuleManager: Shutting down and abandoning module AudioFormatOpus (107)
[2017.03.15-14.33.41:215][531]LogModuleManager: Shutting down and abandoning module AudioFormatOgg (105)
[2017.03.15-14.33.41:215][531]LogModuleManager: Shutting down and abandoning module AudioFormatADPCM (103)
[2017.03.15-14.33.41:215][531]LogModuleManager: Shutting down and abandoning module LinuxTargetPlatform (101)
[2017.03.15-14.33.41:216][531]LogModuleManager: Shutting down and abandoning module LinuxServerTargetPlatform (99)
[2017.03.15-14.33.41:216][531]LogModuleManager: Shutting down and abandoning module LinuxNoEditorTargetPlatform (97)
[2017.03.15-14.33.41:216][531]LogModuleManager: Shutting down and abandoning module LinuxClientTargetPlatform (95)
[2017.03.15-14.33.41:216][531]LogModuleManager: Shutting down and abandoning module TVOSTargetPlatform (93)
[2017.03.15-14.33.41:216][531]LogModuleManager: Shutting down and abandoning module Messaging (91)
[2017.03.15-14.33.41:216][531]LogModuleManager: Shutting down and abandoning module IOSTargetPlatform (89)
[2017.03.15-14.33.41:216][531]LogModuleManager: Shutting down and abandoning module HTML5TargetPlatform (87)
[2017.03.15-14.33.41:216][531]LogModuleManager: Shutting down and abandoning module Android_PVRTCTargetPlatform (85)
[2017.03.15-14.33.41:216][531]LogModuleManager: Shutting down and abandoning module Android_MultiTargetPlatform (83)
[2017.03.15-14.33.41:216][531]LogModuleManager: Shutting down and abandoning module Android_ETC2TargetPlatform (81)
[2017.03.15-14.33.41:216][531]LogModuleManager: Shutting down and abandoning module Android_ETC1TargetPlatform (79)
[2017.03.15-14.33.41:216][531]LogModuleManager: Shutting down and abandoning module Android_DXTTargetPlatform (77)
[2017.03.15-14.33.41:216][531]LogModuleManager: Shutting down and abandoning module Android_ATCTargetPlatform (75)
[2017.03.15-14.33.41:216][531]LogModuleManager: Shutting down and abandoning module Android_ASTCTargetPlatform (73)
[2017.03.15-14.33.41:216][531]LogModuleManager: Shutting down and abandoning module AndroidTargetPlatform (71)
[2017.03.15-14.33.41:216][531]LogModuleManager: Shutting down and abandoning module WindowsTargetPlatform (69)
[2017.03.15-14.33.41:216][531]LogModuleManager: Shutting down and abandoning module WindowsServerTargetPlatform (67)
[2017.03.15-14.33.41:216][531]LogModuleManager: Shutting down and abandoning module WindowsNoEditorTargetPlatform (65)
[2017.03.15-14.33.41:216][531]LogModuleManager: Shutting down and abandoning module WindowsClientTargetPlatform (63)
[2017.03.15-14.33.41:216][531]LogModuleManager: Shutting down and abandoning module MacTargetPlatform (61)
[2017.03.15-14.33.41:216][531]LogModuleManager: Shutting down and abandoning module MacServerTargetPlatform (59)
[2017.03.15-14.33.41:216][531]LogModuleManager: Shutting down and abandoning module MacNoEditorTargetPlatform (57)
[2017.03.15-14.33.41:216][531]LogModuleManager: Shutting down and abandoning module MacClientTargetPlatform (55)
[2017.03.15-14.33.41:216][531]LogModuleManager: Shutting down and abandoning module AllDesktopTargetPlatform (53)
[2017.03.15-14.33.41:216][531]LogModuleManager: Shutting down and abandoning module InputCore (50)
[2017.03.15-14.33.41:216][531]LogModuleManager: Shutting down and abandoning module Settings (48)
[2017.03.15-14.33.41:216][531]LogModuleManager: Shutting down and abandoning module OculusRift (46)
[2017.03.15-14.33.41:216][531]LogModuleManager: Shutting down and abandoning module ExampleDeviceProfileSelector (44)
[2017.03.15-14.33.41:216][531]LogModuleManager: Shutting down and abandoning module OnlineBlueprintSupport (42)
[2017.03.15-14.33.41:216][531]LogModuleManager: Shutting down and abandoning module OnlineSubsystem (38)
[2017.03.15-14.33.41:216][531]LogOnline:Display: Unloading online subsystem: NULL
[2017.03.15-14.33.41:216][531]LogModuleManager: Shutting down and abandoning module XMPP (37)
[2017.03.15-14.33.41:217][531]LogModuleManager: Shutting down and abandoning module HTTP (35)
[2017.03.15-14.33.41:217][531]LogHttp:Display: Http module shutting down, but needs to wait on 1 outstanding Http requests:
[2017.03.15-14.33.41:217][531]LogHttp:Display: 	verb=[POST] url=[https://datarouter.ol.epicgames.com/datarouter/api/v1/public/data?SessionID=%7BB326E965-4942-778F-E0F8-C6861A48DA97%7D&AppID=UEEditor.Rocket.Release&AppVersion=4.15.0-3299760%2B%2B%2BUE4%2BRelease-4.15&UserID=755a174346d93e28b6c0708b519791f9%7C5b61ffb8693c4d6ea36376029ab06bab%7C679ec84e-6c56-4c24-a827-f97ba2a8896b&AppEnvironment=datacollector-binary&UploadType=eteventstream] status=Processing
[2017.03.15-14.33.41:253][531]LogModuleManager: Shutting down and abandoning module SSL (34)
[2017.03.15-14.33.41:257][531]LogModuleManager: Shutting down and abandoning module AudioEditor (30)
[2017.03.15-14.33.41:257][531]LogModuleManager: Shutting down and abandoning module TextureCompressor (28)
[2017.03.15-14.33.41:258][531]LogModuleManager: Shutting down and abandoning module ShaderCore (26)
[2017.03.15-14.33.41:258][531]LogModuleManager: Shutting down and abandoning module Landscape (24)
[2017.03.15-14.33.41:258][531]LogModuleManager: Shutting down and abandoning module SlateRHIRenderer (22)
[2017.03.15-14.33.41:261][531]LogModuleManager: Shutting down and abandoning module OpenGLDrv (20)
[2017.03.15-14.33.41:261][531]LogModuleManager: Shutting down and abandoning module D3D11RHI (18)
[2017.03.15-14.33.41:261][531]LogModuleManager: Shutting down and abandoning module AnimGraphRuntime (16)
[2017.03.15-14.33.41:261][531]LogModuleManager: Shutting down and abandoning module Renderer (14)
[2017.03.15-14.33.41:261][531]LogModuleManager: Shutting down and abandoning module Engine (12)
[2017.03.15-14.33.41:261][531]LogModuleManager: Shutting down and abandoning module CoreUObject (10)
[2017.03.15-14.33.41:261][531]LogModuleManager: Shutting down and abandoning module NetworkFile (8)
[2017.03.15-14.33.41:261][531]LogModuleManager: Shutting down and abandoning module StreamingFile (6)
[2017.03.15-14.33.41:261][531]LogModuleManager: Shutting down and abandoning module SandboxFile (4)
[2017.03.15-14.33.41:261][531]LogModuleManager: Shutting down and abandoning module PakFile (2)
[2017.03.15-14.33.41:266][531]LogExit: Exiting.
[2017.03.15-14.33.41:301][531]Log file closed, 03/15/17 22:33:41
