Log file open, 03/12/17 11:17:38
LogInit:Display: Running engine for game: SmartSpider
LogPlatformFile: Not using cached read wrapper
LogInit:Display: RandInit(51064835) SRandInit(51064836).
LogTaskGraph: Started task graph with 5 named threads and 8 total threads with 1 sets of task threads.
LogStats: Stats thread started at 0.073589
LogInit: Using libcurl 7.47.1
LogInit:  - built for x86_64-pc-win32
LogInit:  - supports SSL with OpenSSL/1.0.2g
LogInit:  - supports HTTP deflate (compression) using libz 1.2.8
LogInit:  - other features:
LogInit:      CURL_VERSION_SSL
LogInit:      CURL_VERSION_LIBZ
LogInit:      CURL_VERSION_IPV6
LogInit:      CURL_VERSION_ASYNCHDNS
LogInit:      CURL_VERSION_LARGEFILE
LogInit:      CURL_VERSION_IDN
LogInit:  CurlRequestOptions (configurable via config and command line):
LogInit:  - bVerifyPeer = false  - Libcurl will NOT verify peer certificate
LogInit:  - bUseHttpProxy = false  - Libcurl will NOT use HTTP proxy
LogInit:  - bDontReuseConnections = false  - Libcurl will reuse connections
LogInit:  - CertBundlePath = nullptr  - Libcurl will use whatever was configured at build time.
LogInit: Build: ++UE4+Release-4.15-CL-3299760
LogInit: Engine Version: 4.15.0-3299760+++UE4+Release-4.15
LogInit: Compatible Engine Version: 4.15.0-3299760+++UE4+Release-4.15
LogInit: Net CL: 3299760
LogDevObjectVersion: Number of dev versions registered: 14
LogDevObjectVersion:   Dev-Blueprints (B0D832E4-1F89-4F0D-ACCF-7EB736FD4AA2): 8
LogDevObjectVersion:   Dev-Build (E1C64328-A22C-4D53-A36C-8E866417BD8C): 0
LogDevObjectVersion:   Dev-Core (375EC13C-06E4-48FB-B500-84F0262A717E): 2
LogDevObjectVersion:   Dev-Editor (E4B068ED-F494-42E9-A231-DA0B2E46BB41): 14
LogDevObjectVersion:   Dev-Framework (CFFC743F-43B0-4480-9391-14DF171D2073): 22
LogDevObjectVersion:   Dev-Mobile (B02B49B5-BB20-44E9-A304-32B752E40360): 0
LogDevObjectVersion:   Dev-Networking (A4E4105C-59A1-49B5-A7C5-40C4547EDFEE): 0
LogDevObjectVersion:   Dev-Online (39C831C9-5AE6-47DC-9A44-9C173E1C8E7C): 0
LogDevObjectVersion:   Dev-Physics (78F01B33-EBEA-4F98-B9B4-84EACCB95AA2): 0
LogDevObjectVersion:   Dev-Platform (6631380F-2D4D-43E0-8009-CF276956A95A): 0
LogDevObjectVersion:   Dev-Rendering (12F88B9F-8875-4AFC-A67C-D90C383ABD29): 12
LogDevObjectVersion:   Dev-Sequencer (7B5AE74C-D270-4C10-A958-57980B212A5A): 3
LogDevObjectVersion:   Dev-VR (D7296918-1DD6-4BDD-9DE2-64A83CC13884): 0
LogDevObjectVersion:   Dev-LoadTimes (C2A15278-BFE7-4AFE-6C17-90FF531DF755): 1
LogInit: Compiled (64-bit): Feb 14 2017 02:04:14
LogInit: Compiled with Visual C++: 19.00.23026.00
LogInit: Build Configuration: Development
LogInit: Branch Name: ++UE4+Release-4.15
LogInit: Command line:  
LogInit: Base directory: C:/Program Files (x86)/Epic Games/UE_4.15/Engine/Binaries/Win64/
LogInit: Installed Engine Build: 1
LogInit: Presizing for max 8388607 objects, including 0 objects not considered by GC, pre-allocating 0 bytes for permanent pool.
LogInit: Object subsystem initialized
[2017.03.12-03.17.39:498][  0]LogInit: Selected Device Profile: [Windows]
[2017.03.12-03.17.39:498][  0]LogInit: Applying CVar settings loaded from the selected device profile: [Windows]
[2017.03.12-03.17.39:503][  0]LogInit: Computer: XFW
[2017.03.12-03.17.39:503][  0]LogInit: User: xfw
[2017.03.12-03.17.39:503][  0]LogInit: CPU Page size=65536, Cores=4
[2017.03.12-03.17.39:503][  0]LogInit: High frequency timer resolution =3.914058 MHz
[2017.03.12-03.17.39:504][  0]LogMemory: Memory total: Physical=31.9GB (32GB approx)
[2017.03.12-03.17.39:504][  0]LogMemory: Platform Memory Stats for Windows
[2017.03.12-03.17.39:504][  0]LogMemory: Process Physical Memory: 263.32 MB used, 263.32 MB peak
[2017.03.12-03.17.39:504][  0]LogMemory: Process Virtual Memory: 262.65 MB used, 262.65 MB peak
[2017.03.12-03.17.39:504][  0]LogMemory: Physical Memory: 5932.20 MB used,  26766.51 MB free, 32698.71 MB total
[2017.03.12-03.17.39:504][  0]LogMemory: Virtual Memory: 644.39 MB used,  26766.51 MB free, 134217728.00 MB total
[2017.03.12-03.17.39:567][  0]LogTextLocalizationManager: No specific translations for ('en-AS') exist, so ('en') translations will be used.
[2017.03.12-03.17.40:070][  0]LogD3D11RHI: D3D11 adapters:
[2017.03.12-03.17.40:094][  0]LogD3D11RHI:    0. 'NVIDIA GeForce GTX 1080' (Feature Level 11_0)
[2017.03.12-03.17.40:094][  0]LogD3D11RHI:       8144/0/16349 MB DedicatedVideo/DedicatedSystem/SharedSystem, Outputs:1, VendorId:0x10de
[2017.03.12-03.17.40:095][  0]LogD3D11RHI:    1. 'Microsoft Basic Render Driver' (Feature Level 11_0)
[2017.03.12-03.17.40:095][  0]LogD3D11RHI:       0/0/16349 MB DedicatedVideo/DedicatedSystem/SharedSystem, Outputs:0, VendorId:0x1414
[2017.03.12-03.17.40:096][  0]LogD3D11RHI: Chosen D3D11 Adapter: 0
[2017.03.12-03.17.40:099][  0]LogD3D11RHI: Creating new Direct3DDevice
[2017.03.12-03.17.40:099][  0]LogD3D11RHI:     GPU DeviceId: 0x1b80 (for the marketing name, search the web for "GPU Device Id")
[2017.03.12-03.17.40:099][  0]LogWindows: EnumDisplayDevices:
[2017.03.12-03.17.40:099][  0]LogWindows:    0. 'NVIDIA GeForce GTX 1080' (P:1 D:1)
[2017.03.12-03.17.40:099][  0]LogWindows:    1. 'NVIDIA GeForce GTX 1080' (P:0 D:0)
[2017.03.12-03.17.40:099][  0]LogWindows:    2. 'NVIDIA GeForce GTX 1080' (P:0 D:0)
[2017.03.12-03.17.40:100][  0]LogWindows:    3. 'NVIDIA GeForce GTX 1080' (P:0 D:0)
[2017.03.12-03.17.40:100][  0]LogWindows: DebugString: FoundDriverCount:4 
[2017.03.12-03.17.40:100][  0]LogD3D11RHI:     Adapter Name: NVIDIA GeForce GTX 1080
[2017.03.12-03.17.40:100][  0]LogD3D11RHI:   Driver Version: 376.53 (internal:21.21.13.7653, unified:376.53)
[2017.03.12-03.17.40:100][  0]LogD3D11RHI:      Driver Date: 12-29-2016
[2017.03.12-03.17.40:100][  0]LogRHI: Texture pool is 1361 MB (70% of 1945 MB)
[2017.03.12-03.17.40:113][  0]LogD3D11RHI: Async texture creation enabled
[2017.03.12-03.17.40:122][  0]LogD3D11RHI: GPU Timing Frequency: 1000.000000 (Debug: 2 1)
[2017.03.12-03.17.40:170][  0]LogShaderCompilers: Guid format shader working directory is 17 characters bigger than the processId version (F:/UE4/Project/SmartSpider/Intermediate/Shaders/WorkingDirectory/15124/).
[2017.03.12-03.17.40:170][  0]LogShaderCompilers: Cleaned the shader compiler working directory 'C:/Users/xfw/AppData/Local/Temp/UnrealShaderWorkingDir/3FC0178A4FD72A5F9B963EB8BB0BD045/'.
[2017.03.12-03.17.40:170][  0]LogShaderCompilers:Display: Using Local Shader Compiler.
[2017.03.12-03.17.40:999][  0]LogTemp:Display: Loaded TP AllDesktopTargetPlatform
[2017.03.12-03.17.41:042][  0]LogTemp:Display: Loaded TP MacClientTargetPlatform
[2017.03.12-03.17.41:081][  0]LogTemp:Display: Loaded TP MacNoEditorTargetPlatform
[2017.03.12-03.17.41:124][  0]LogTemp:Display: Loaded TP MacServerTargetPlatform
[2017.03.12-03.17.41:164][  0]LogTemp:Display: Loaded TP MacTargetPlatform
[2017.03.12-03.17.41:209][  0]LogTemp:Display: Loaded TP WindowsClientTargetPlatform
[2017.03.12-03.17.41:253][  0]LogTemp:Display: Loaded TP WindowsNoEditorTargetPlatform
[2017.03.12-03.17.41:296][  0]LogTemp:Display: Loaded TP WindowsServerTargetPlatform
[2017.03.12-03.17.41:330][  0]LogTemp:Display: Loaded TP WindowsTargetPlatform
[2017.03.12-03.17.41:370][  0]LogTemp:Display: Loaded TP AndroidTargetPlatform
[2017.03.12-03.17.41:412][  0]LogTemp:Display: Loaded TP Android_ASTCTargetPlatform
[2017.03.12-03.17.41:453][  0]LogTemp:Display: Loaded TP Android_ATCTargetPlatform
[2017.03.12-03.17.41:497][  0]LogTemp:Display: Loaded TP Android_DXTTargetPlatform
[2017.03.12-03.17.41:538][  0]LogTemp:Display: Loaded TP Android_ETC1TargetPlatform
[2017.03.12-03.17.41:578][  0]LogTemp:Display: Loaded TP Android_ETC2TargetPlatform
[2017.03.12-03.17.41:659][  0]LogTemp:Display: Loaded TP Android_MultiTargetPlatform
[2017.03.12-03.17.41:659][  0]LogTemp:Display: Loaded TP Android_PVRTCTargetPlatform
[2017.03.12-03.17.41:686][  0]LogTemp:Display: Loaded TP HTML5TargetPlatform
[2017.03.12-03.17.41:765][  0]LogTemp:Display: Loaded TP IOSTargetPlatform
[2017.03.12-03.17.41:792][  0]LogTemp:Display: Loaded TP TVOSTargetPlatform
[2017.03.12-03.17.41:834][  0]LogTemp:Display: Loaded TP LinuxClientTargetPlatform
[2017.03.12-03.17.41:876][  0]LogTemp:Display: Loaded TP LinuxNoEditorTargetPlatform
[2017.03.12-03.17.41:915][  0]LogTemp:Display: Loaded TP LinuxServerTargetPlatform
[2017.03.12-03.17.41:958][  0]LogTemp:Display: Loaded TP LinuxTargetPlatform
[2017.03.12-03.17.41:958][  0]LogTargetPlatformManager:Display: Building Assets For Windows
[2017.03.12-03.17.42:324][  0]LogDerivedDataCache:Display: Max Cache Size: 512 MB
[2017.03.12-03.17.42:366][  0]LogDerivedDataCache: Loaded boot cache 0.04s 50MB C:/Users/xfw/AppData/Local/UnrealEngine/4.15/DerivedDataCache/Boot.ddc.
[2017.03.12-03.17.42:366][  0]LogDerivedDataCache:Display: Loaded Boot cache: C:/Users/xfw/AppData/Local/UnrealEngine/4.15/DerivedDataCache/Boot.ddc
[2017.03.12-03.17.42:366][  0]LogDerivedDataCache: FDerivedDataBackendGraph:  Pak pak cache file F:/UE4/Project/SmartSpider/DerivedDataCache/DDC.ddp not found, will not use a pak cache.
[2017.03.12-03.17.42:366][  0]LogDerivedDataCache: Unable to find inner node Pak for hierarchical cache Hierarchy.
[2017.03.12-03.17.42:367][  0]LogDerivedDataCache: FDerivedDataBackendGraph:  CompressedPak pak cache file F:/UE4/Project/SmartSpider/DerivedDataCache/Compressed.ddp not found, will not use a pak cache.
[2017.03.12-03.17.42:367][  0]LogDerivedDataCache: Unable to find inner node CompressedPak for hierarchical cache Hierarchy.
[2017.03.12-03.17.42:381][  0]LogDerivedDataCache:Display: Pak cache opened for reading ../../../Engine/DerivedDataCache/Compressed.ddp.
[2017.03.12-03.17.42:392][  0]LogDerivedDataCache: Using Local data cache path C:/Users/xfw/AppData/Local/UnrealEngine/Common/DerivedDataCache: Writable
[2017.03.12-03.17.42:398][  0]LogSlate: Using Freetype 2.6.0
[2017.03.12-03.17.42:399][  0]LogSlate: SlateFontCache - WITH_FREETYPE: 1, WITH_HARFBUZZ: 1
[2017.03.12-03.17.42:399][  0]LogSlate: SlateFontCache - WITH_FREETYPE: 1, WITH_HARFBUZZ: 1
[2017.03.12-03.17.42:589][  0]LogInit: Selected Device Profile: [Windows]
[2017.03.12-03.17.42:591][  0]LogContentStreaming: Texture pool size is 0.00 MB
[2017.03.12-03.17.42:755][  0]LogMeshUtilities: Using QuadricMeshReduction for automatic static mesh reduction
[2017.03.12-03.17.42:788][  0]LogSimplygon: Simplygon DLL not present - disabling.
[2017.03.12-03.17.42:826][  0]LogMeshUtilities: Using SimplygonSwarm for distributed automatic mesh merging
[2017.03.12-03.17.42:826][  0]LogMeshUtilities: No automatic skeletal mesh reduction module available
[2017.03.12-03.17.42:826][  0]LogMeshUtilities: No automatic mesh merging module available
[2017.03.12-03.17.43:242][  0]LogNetVersion: GetLocalNetworkVersion: CL: 3299760, ProjectName: smartspider, ProjectVersion: , EngineNetworkVersion: 2, GameNetworkVersion: 0, NetworkChecksum: 460708255
[2017.03.12-03.17.43:282][  0]LogAssetRegistry: FAssetRegistry took 0.0215 seconds to start up
[2017.03.12-03.17.43:315][  0]LogPackageLocalizationCache: Processed 3 localized package path(s) for 2 prioritized culture(s) in 0.011182 seconds
[2017.03.12-03.17.43:319][  0]LogUObjectArray: 32475 objects as part of root set at end of initial load.
[2017.03.12-03.17.43:319][  0]LogUObjectAllocator: 7073368 out of 0 bytes used by permanent object pool.
[2017.03.12-03.17.43:319][  0]LogUObjectArray: CloseDisregardForGC: 0/0 objects in disregard for GC pool
[2017.03.12-03.17.43:368][  0]LogInit: WinSock: version 1.1 (2.2), MaxSocks=32767, MaxUdp=65467
[2017.03.12-03.17.44:573][  0]LogTcpMessaging: Initializing TcpMessaging bridge
[2017.03.12-03.17.44:608][  0]LogUdpMessaging: Initializing bridge on interface 0.0.0.0:0 to multicast group 230.0.0.1:6666.
[2017.03.12-03.17.44:977][  0]LogMaterial: Uniform references updated for custom material expression Custom.
[2017.03.12-03.17.45:273][  0]SourceControl: Info Source control is disabled
[2017.03.12-03.17.45:295][  0]SourceControl: Info Source control is disabled
[2017.03.12-03.17.45:330][  0]SourceControl: Info Source control is disabled
[2017.03.12-03.17.45:368][  0]SourceControl: Info Source control is disabled
[2017.03.12-03.17.46:307][  0]LogEngine: Initializing Engine...
[2017.03.12-03.17.46:307][  0]LogHMD: Failed to initialize OpenVR with code 110
[2017.03.12-03.17.46:485][  0]LogAIModule: Creating AISystem for world Untitled
[2017.03.12-03.17.46:492][  0]LogInit: XAudio2 using 'Speakers (Realtek High Definition Audio)' : 2 channels at 48 kHz using 32 bits per sample (channel mask 0x3)
[2017.03.12-03.17.46:515][  0]LogInit: FAudioDevice initialized.
[2017.03.12-03.17.46:533][  0]LogDerivedDataCache: Saved boot cache 0.02s 50MB C:/Users/xfw/AppData/Local/UnrealEngine/4.15/DerivedDataCache/Boot.ddc.
[2017.03.12-03.17.46:538][  0]LogInit: Texture streaming: Enabled
[2017.03.12-03.17.46:618][  0]LogEngineSessionManager: EngineSessionManager initialized
[2017.03.12-03.17.46:683][  0]LogInit: Transaction tracking system initialized
[2017.03.12-03.17.46:945][  0]BlueprintLog: New page: Editor Load
[2017.03.12-03.17.47:624][  0]LocalizationService: Info Localization service is disabled
[2017.03.12-03.17.48:133][  0]LogConsoleResponse:Display: 
[2017.03.12-03.17.48:231][  0]LogCook:Display: Max memory allowance for cook 16384mb min free memory 0mb
[2017.03.12-03.17.48:231][  0]LogCook:Display: Mobile HDR setting 1
[2017.03.12-03.17.48:985][  0]LogFileCache: Scanning file cache for directory 'F:/UE4/Project/SmartSpider/Content/' took 0.01s
[2017.03.12-03.17.49:018][  0]SourceControl: Info Source control is disabled
[2017.03.12-03.17.49:018][  0]Cmd: MAP LOAD FILE="F:/UE4/Project/SmartSpider/Content/ThirdPersonBP/Maps/ThirdPersonExampleMap.umap" TEMPLATE=0 SHOWPROGRESS=1 FEATURELEVEL=3
[2017.03.12-03.17.49:018][  0]LightingResults: New page: Lighting Build
[2017.03.12-03.17.49:051][  0]MapCheck: New page: Map Check
[2017.03.12-03.17.49:051][  0]LightingResults: New page: Lighting Build
[2017.03.12-03.17.49:368][  0]LogAIModule: Creating AISystem for world ThirdPersonExampleMap
[2017.03.12-03.17.49:375][  0]LogEditorServer: Finished looking for orphan Actors (0.000 secs)
[2017.03.12-03.17.49:376][  0]Cmd: MAP CHECKDEP NOCLEARLOG
[2017.03.12-03.17.49:402][  0]MapCheck: Info Map check complete: 0 Error(s), 0 Warning(s), took 26.075ms to complete.
[2017.03.12-03.17.49:402][  0]LogFileHelpers: Loading map 'ThirdPersonExampleMap' took 0.384
[2017.03.12-03.17.49:465][  0]LogWindowsTextInputMethodSystem:Display: IME system now activated using TSF (搜狗拼音输入法).
[2017.03.12-03.17.49:558][  0]LogCollectionManager: Loaded 0 collections in 0.002099 seconds
[2017.03.12-03.17.49:627][  0]LogFileCache: Scanning file cache for directory 'F:/UE4/Project/SmartSpider/Saved/Collections/' took 0.01s
[2017.03.12-03.17.49:627][  0]LogFileCache: Scanning file cache for directory 'F:/UE4/Project/SmartSpider/Content/Developers/xfw/Collections/' took 0.01s
[2017.03.12-03.17.49:627][  0]LogFileCache: Scanning file cache for directory 'F:/UE4/Project/SmartSpider/Content/Collections/' took 0.01s
[2017.03.12-03.17.49:627][  0]LogCollectionManager: Rebuilt the GUID cache for 0 collections in 0.000001 seconds
[2017.03.12-03.17.49:634][  0]LogContentBrowser: Native class hierarchy populated in 0.0064 seconds. Added 2244 classes and 450 folders.
[2017.03.12-03.17.49:636][  0]LogStats: UGameplayTagsManager::ConstructGameplayTagTree: Construct from data asset -  0.000 s
[2017.03.12-03.17.49:636][  0]LogStats: UGameplayTagsManager::ConstructGameplayTagTree: GameplayTagTreeChangedEvent.Broadcast -  0.000 s
[2017.03.12-03.17.49:686][  0]LogContentBrowser: Native class hierarchy updated for 'WidgetCarousel' in 0.0004 seconds. Added 0 classes and 0 folders.
[2017.03.12-03.17.49:713][  0]LogContentBrowser: Native class hierarchy updated for 'AddContentDialog' in 0.0004 seconds. Added 0 classes and 0 folders.
[2017.03.12-03.17.49:746][  0]LogContentBrowser: Native class hierarchy updated for 'SceneOutliner' in 0.0004 seconds. Added 1 classes and 2 folders.
[2017.03.12-03.17.49:784][  0]LogCrashTracker: Crashtracker disabled due to settings.
[2017.03.12-03.17.49:789][  0]LogUObjectGlobals:Warning: Failed to find object 'Class None.'
[2017.03.12-03.17.49:845][  0]LogContentBrowser: Native class hierarchy updated for 'HierarchicalLODOutliner' in 0.0006 seconds. Added 1 classes and 2 folders.
[2017.03.12-03.17.49:845][  0]LogLoad: (Engine Initialization) Total time: 11.84 seconds
[2017.03.12-03.17.49:845][  0]LogLoad: (Engine Initialization) Total Blueprint compile time: 0.12 seconds
[2017.03.12-03.17.49:845][  0]LogExternalProfiler: Found external profiler: VSPerf
[2017.03.12-03.17.49:845][  0]LogExternalProfiler: Using external profiler: VSPerf
[2017.03.12-03.17.49:854][  0]LogOcInput: OculusInput pre-init called
[2017.03.12-03.17.49:868][  0]LogAssetRegistry: Asset discovery search completed in 6.6073 seconds
[2017.03.12-03.17.49:868][  0]LogCollectionManager: Rebuilt the object cache for 0 collections in 0.000003 seconds (found 0 objects)
[2017.03.12-03.17.49:868][  0]LogCollectionManager: Fixed up redirectors for 0 collections in 0.000016 seconds (updated 0 objects)
[2017.03.12-03.17.49:872][  0]LogContentStreaming: Texture pool size now 1000 MB
[2017.03.12-03.17.49:880][  0]LogSlate: Took 0.000135 seconds to synchronously load lazily loaded font '../../../Engine/Content/Slate/Fonts/Roboto-Regular.ttf' (155K)
[2017.03.12-03.17.49:883][  0]LogSlate: Took 0.000149 seconds to synchronously load lazily loaded font '../../../Engine/Content/Slate/Fonts/Roboto-Bold.ttf' (160K)
[2017.03.12-03.17.49:887][  0]LogSlate: Took 0.000133 seconds to synchronously load lazily loaded font '../../../Engine/Content/Editor/Slate/Fonts/FontAwesome.ttf' (139K)
[2017.03.12-03.17.50:024][  0]LogRenderer: Reallocating scene render targets to support 1468x808 NumSamples 1 (Frame:2).
[2017.03.12-03.17.50:861][ 88]LogSlate: Took 0.000146 seconds to synchronously load lazily loaded font '../../../Engine/Content/Slate/Fonts/Roboto-Light.ttf' (159K)
[2017.03.12-03.17.54:218][490]LogSlate: Took 0.000099 seconds to synchronously load lazily loaded font '../../../Engine/Content/Slate/Fonts/Roboto-Light.ttf' (159K)
[2017.03.12-03.17.54:600][490]LogContentBrowser: Native class hierarchy updated for 'BlueprintGraph' in 0.0008 seconds. Added 112 classes and 0 folders.
[2017.03.12-03.17.55:282][490]LogContentBrowser: Native class hierarchy updated for 'SkeletonEditor' in 0.0005 seconds. Added 1 classes and 2 folders.
[2017.03.12-03.17.55:379][490]LogActorComponent: RegisterComponentWithWorld: (/Engine/Transient.World_2:PersistentLevel.Actor_0.DebugSkelMeshComponent_0) Already registered. Aborting.
[2017.03.12-03.17.55:466][490]LogSkeletalMesh: USkeletalMeshComponent::InitArticulated : Bodies already created (/Engine/Transient.World_2:PersistentLevel.Actor_0.DebugSkelMeshComponent_0) - call TermArticulated first.
[2017.03.12-03.17.55:556][490]LogActorComponent: RegisterComponentWithWorld: (/Engine/Transient.World_4:PersistentLevel.Actor_1.DebugSkelMeshComponent_2) Already registered. Aborting.
[2017.03.12-03.17.55:576][490]LogSkeletalMesh: USkeletalMeshComponent::InitArticulated : Bodies already created (/Engine/Transient.World_4:PersistentLevel.Actor_1.DebugSkelMeshComponent_2) - call TermArticulated first.
[2017.03.12-03.17.55:624][490]LogSlate: Took 0.000177 seconds to synchronously load lazily loaded font '../../../Engine/Content/Editor/Slate/Fonts/Roboto-BoldCondensed.ttf' (158K)
[2017.03.12-03.17.55:727][491]LogRenderer: Reallocating scene render targets to support 1528x1248 NumSamples 1 (Frame:494).
[2017.03.12-03.18.49:598][914]LogSlate: Took 0.000132 seconds to synchronously load lazily loaded font '../../../Engine/Content/Editor/Slate/Fonts/Roboto-Italic.ttf' (157K)
[2017.03.12-03.19.01:670][353]LogBlueprint:Warning: Reparenting blueprint Blueprint /Game/SmartSpider/BP/SmartSpider_BP.SmartSpider_BP from Pawn to Character...
[2017.03.12-03.19.01:678][353]BlueprintLog: New page: Compile SmartSpider_BP
[2017.03.12-03.19.05:221][719]LogRenderer: Reallocating scene render targets to support 1528x1260 NumSamples 1 (Frame:1630).
[2017.03.12-03.19.29:809][638]BlueprintLog: New page: Compile SmartSpider_BP
[2017.03.12-03.19.30:240][641]Cmd: OBJ SAVEPACKAGE PACKAGE="/Game/SmartSpider/BP/SmartSpider_BP" FILE="F:/UE4/Project/SmartSpider/Content/SmartSpider/BP/SmartSpider_BP.uasset" SILENT=true
[2017.03.12-03.19.30:258][641]LogSavePackage: Save=16.32ms
[2017.03.12-03.19.30:258][641]LogSavePackage: Moving 'F:/UE4/Project/SmartSpider/Saved/SmartSpider_BPB63AE1BF4E5681B9F2708A9BE7ECD340.tmp' to 'F:/UE4/Project/SmartSpider/Content/SmartSpider/BP/SmartSpider_BP.uasset'
[2017.03.12-03.19.30:258][641]LogSavePackage:Display: Finished SavePackage F:/UE4/Project/SmartSpider/Content/SmartSpider/BP/SmartSpider_BP.uasset
[2017.03.12-03.19.36:845][392]LogSlate:Warning: Prevented a slow task dialog from being summoned while a context menu was open
[2017.03.12-03.19.40:224][793]BlueprintLog: New page: Compile SmartSpider_BP
[2017.03.12-03.19.40:837][827]Cmd: OBJ SAVEPACKAGE PACKAGE="/Game/SmartSpider/BP/SmartSpider_BP" FILE="F:/UE4/Project/SmartSpider/Content/SmartSpider/BP/SmartSpider_BP.uasset" SILENT=true
[2017.03.12-03.19.40:855][827]LogSavePackage: Save=16.52ms
[2017.03.12-03.19.40:855][827]LogSavePackage: Moving 'F:/UE4/Project/SmartSpider/Saved/SmartSpider_BP666E2AE741D723D6158523A9D2CC49FC.tmp' to 'F:/UE4/Project/SmartSpider/Content/SmartSpider/BP/SmartSpider_BP.uasset'
[2017.03.12-03.19.40:856][827]LogSavePackage:Display: Finished SavePackage F:/UE4/Project/SmartSpider/Content/SmartSpider/BP/SmartSpider_BP.uasset
[2017.03.12-03.20.41:010][809]LogSlate: Took 0.000128 seconds to synchronously load lazily loaded font '../../../Engine/Content/Editor/Slate/Fonts/Roboto-BoldCondensedItalic.ttf' (160K)
[2017.03.12-03.20.43:586][115]BlueprintLog: New page: Compile SmartSpider_BP
[2017.03.12-03.20.43:589][115]LogBlueprint:Warning: [Compiler SmartSpider_BP] Warning Can't parse default value 'False' for  <None> . Property: Trace_BottomOffset.
[2017.03.12-03.20.43:894][115]BlueprintEditorCompileResults:Warning: Warning Can't parse default value 'False' for  <None> . Property: Trace_BottomOffset.
[2017.03.12-03.20.43:894][115]LogBlueprint:Warning: [Compiler SmartSpider_BP] Warning [0185.89] Compile of SmartSpider_BP successful, but with 1 Warning(s) [in 307 ms] (/Game/SmartSpider/BP/SmartSpider_BP.SmartSpider_BP)
[2017.03.12-03.20.44:293][155]Cmd: OBJ SAVEPACKAGE PACKAGE="/Game/SmartSpider/BP/SmartSpider_BP" FILE="F:/UE4/Project/SmartSpider/Content/SmartSpider/BP/SmartSpider_BP.uasset" SILENT=true
[2017.03.12-03.20.44:309][155]LogSavePackage: Save=15.55ms
[2017.03.12-03.20.44:309][155]LogSavePackage: Moving 'F:/UE4/Project/SmartSpider/Saved/SmartSpider_BP80A714D04C3153E8DEDCE586D179E629.tmp' to 'F:/UE4/Project/SmartSpider/Content/SmartSpider/BP/SmartSpider_BP.uasset'
[2017.03.12-03.20.44:310][155]LogSavePackage:Display: Finished SavePackage F:/UE4/Project/SmartSpider/Content/SmartSpider/BP/SmartSpider_BP.uasset
[2017.03.12-03.20.47:420][528]BlueprintLog: New page: Compile SmartSpider_BP
[2017.03.12-03.20.49:154][722]Cmd: OBJ SAVEPACKAGE PACKAGE="/Game/SmartSpider/BP/SmartSpider_BP" FILE="F:/UE4/Project/SmartSpider/Content/SmartSpider/BP/SmartSpider_BP.uasset" SILENT=true
[2017.03.12-03.20.49:169][722]LogSavePackage: Save=15.07ms
[2017.03.12-03.20.49:169][722]LogSavePackage: Moving 'F:/UE4/Project/SmartSpider/Saved/SmartSpider_BPB885EF904115B1563E3716B3E73C8A2E.tmp' to 'F:/UE4/Project/SmartSpider/Content/SmartSpider/BP/SmartSpider_BP.uasset'
[2017.03.12-03.20.49:170][722]LogSavePackage:Display: Finished SavePackage F:/UE4/Project/SmartSpider/Content/SmartSpider/BP/SmartSpider_BP.uasset
[2017.03.12-03.27.13:856][369]BlueprintLog: New page: Compile SmartSpider_BP
[2017.03.12-03.27.15:007][465]Cmd: OBJ SAVEPACKAGE PACKAGE="/Game/SmartSpider/BP/SmartSpider_BP" FILE="F:/UE4/Project/SmartSpider/Content/SmartSpider/BP/SmartSpider_BP.uasset" SILENT=true
[2017.03.12-03.27.15:024][465]LogSavePackage: Save=15.36ms
[2017.03.12-03.27.15:024][465]LogSavePackage: Moving 'F:/UE4/Project/SmartSpider/Saved/SmartSpider_BP9E93335B4B64FEC378A452B80B116356.tmp' to 'F:/UE4/Project/SmartSpider/Content/SmartSpider/BP/SmartSpider_BP.uasset'
[2017.03.12-03.27.15:024][465]LogSavePackage:Display: Finished SavePackage F:/UE4/Project/SmartSpider/Content/SmartSpider/BP/SmartSpider_BP.uasset
[2017.03.12-03.27.25:704][742]BlueprintLog: New page: Compile SmartSpider_BP
[2017.03.12-03.27.26:340][804]Cmd: OBJ SAVEPACKAGE PACKAGE="/Game/SmartSpider/BP/SmartSpider_BP" FILE="F:/UE4/Project/SmartSpider/Content/SmartSpider/BP/SmartSpider_BP.uasset" SILENT=true
[2017.03.12-03.27.26:356][804]LogSavePackage: Save=15.21ms
[2017.03.12-03.27.26:357][804]LogSavePackage: Moving 'F:/UE4/Project/SmartSpider/Saved/SmartSpider_BP0BEF4ACF41867062BAA75DA0EC68642A.tmp' to 'F:/UE4/Project/SmartSpider/Content/SmartSpider/BP/SmartSpider_BP.uasset'
[2017.03.12-03.27.26:357][804]LogSavePackage:Display: Finished SavePackage F:/UE4/Project/SmartSpider/Content/SmartSpider/BP/SmartSpider_BP.uasset
[2017.03.12-03.27.33:638][677]LogTemp: Dropped ForwardTracingDegress on Category Env Tracing
[2017.03.12-03.30.32:982][146]BlueprintLog: New page: Compile SmartSpider_BP
[2017.03.12-03.30.33:657][184]Cmd: OBJ SAVEPACKAGE PACKAGE="/Game/SmartSpider/BP/SmartSpider_BP" FILE="F:/UE4/Project/SmartSpider/Content/SmartSpider/BP/SmartSpider_BP.uasset" SILENT=true
[2017.03.12-03.30.33:676][184]LogSavePackage: Save=18.65ms
[2017.03.12-03.30.33:676][184]LogSavePackage: Moving 'F:/UE4/Project/SmartSpider/Saved/SmartSpider_BPC6E33536418AFFF08C8C7A98BF05B8D7.tmp' to 'F:/UE4/Project/SmartSpider/Content/SmartSpider/BP/SmartSpider_BP.uasset'
[2017.03.12-03.30.33:677][184]LogSavePackage:Display: Finished SavePackage F:/UE4/Project/SmartSpider/Content/SmartSpider/BP/SmartSpider_BP.uasset
[2017.03.12-03.33.31:181][374]BlueprintLog: New page: Compile SmartSpider_BP
[2017.03.12-03.33.32:038][431]Cmd: OBJ SAVEPACKAGE PACKAGE="/Game/SmartSpider/BP/SmartSpider_BP" FILE="F:/UE4/Project/SmartSpider/Content/SmartSpider/BP/SmartSpider_BP.uasset" SILENT=true
[2017.03.12-03.33.32:055][431]LogSavePackage: Save=15.95ms
[2017.03.12-03.33.32:055][431]LogSavePackage: Moving 'F:/UE4/Project/SmartSpider/Saved/SmartSpider_BP43E7B22E41CC4C65C78CD9A9F382FEBD.tmp' to 'F:/UE4/Project/SmartSpider/Content/SmartSpider/BP/SmartSpider_BP.uasset'
[2017.03.12-03.33.32:056][431]LogSavePackage:Display: Finished SavePackage F:/UE4/Project/SmartSpider/Content/SmartSpider/BP/SmartSpider_BP.uasset
[2017.03.12-03.33.39:139][276]BlueprintLog: New page: Compile SmartSpider_BP
[2017.03.12-03.33.39:694][301]Cmd: OBJ SAVEPACKAGE PACKAGE="/Game/SmartSpider/BP/SmartSpider_BP" FILE="F:/UE4/Project/SmartSpider/Content/SmartSpider/BP/SmartSpider_BP.uasset" SILENT=true
[2017.03.12-03.33.39:711][301]LogSavePackage: Save=15.73ms
[2017.03.12-03.33.39:711][301]LogSavePackage: Moving 'F:/UE4/Project/SmartSpider/Saved/SmartSpider_BP20AFAC034E3294D1713181AB23EBF4FE.tmp' to 'F:/UE4/Project/SmartSpider/Content/SmartSpider/BP/SmartSpider_BP.uasset'
[2017.03.12-03.33.39:711][301]LogSavePackage:Display: Finished SavePackage F:/UE4/Project/SmartSpider/Content/SmartSpider/BP/SmartSpider_BP.uasset
[2017.03.12-03.37.31:695][  0]BlueprintLog: New page: Compile SmartSpider_BP
[2017.03.12-03.40.24:819][544]BlueprintLog: New page: Compile SmartSpider_BP
[2017.03.12-03.40.25:630][593]Cmd: OBJ SAVEPACKAGE PACKAGE="/Game/SmartSpider/BP/SmartSpider_BP" FILE="F:/UE4/Project/SmartSpider/Content/SmartSpider/BP/SmartSpider_BP.uasset" SILENT=true
[2017.03.12-03.40.25:648][593]LogSavePackage: Save=17.58ms
[2017.03.12-03.40.25:648][593]LogSavePackage: Moving 'F:/UE4/Project/SmartSpider/Saved/SmartSpider_BPE86585BE47B95B2F87AAC190C6588116.tmp' to 'F:/UE4/Project/SmartSpider/Content/SmartSpider/BP/SmartSpider_BP.uasset'
[2017.03.12-03.40.25:649][593]LogSavePackage:Display: Finished SavePackage F:/UE4/Project/SmartSpider/Content/SmartSpider/BP/SmartSpider_BP.uasset
[2017.03.12-03.40.49:436][438]BlueprintLog: New page: Compile SmartSpider_BP
[2017.03.12-03.40.50:051][491]Cmd: OBJ SAVEPACKAGE PACKAGE="/Game/SmartSpider/BP/SmartSpider_BP" FILE="F:/UE4/Project/SmartSpider/Content/SmartSpider/BP/SmartSpider_BP.uasset" SILENT=true
[2017.03.12-03.40.50:070][491]LogSavePackage: Save=17.63ms
[2017.03.12-03.40.50:070][491]LogSavePackage: Moving 'F:/UE4/Project/SmartSpider/Saved/SmartSpider_BP712EFD444142D0FCFFF117B06A6C441D.tmp' to 'F:/UE4/Project/SmartSpider/Content/SmartSpider/BP/SmartSpider_BP.uasset'
[2017.03.12-03.40.50:070][491]LogSavePackage:Display: Finished SavePackage F:/UE4/Project/SmartSpider/Content/SmartSpider/BP/SmartSpider_BP.uasset
[2017.03.12-03.41.36:266][979]LogTemp: Dropped TraceRayForward on Category Trace Rays
[2017.03.12-03.41.38:040][186]LogTemp: Dropped TraceRayBackward on Category Trace Rays
[2017.03.12-03.41.39:094][306]LogTemp: Dropped TraceRayRight on Category Trace Rays
[2017.03.12-03.41.42:373][695]BlueprintLog: New page: Compile SmartSpider_BP
[2017.03.12-03.41.42:933][746]Cmd: OBJ SAVEPACKAGE PACKAGE="/Game/SmartSpider/BP/SmartSpider_BP" FILE="F:/UE4/Project/SmartSpider/Content/SmartSpider/BP/SmartSpider_BP.uasset" SILENT=true
[2017.03.12-03.41.42:952][746]LogSavePackage: Save=17.68ms
[2017.03.12-03.41.42:952][746]LogSavePackage: Moving 'F:/UE4/Project/SmartSpider/Saved/SmartSpider_BPCD8F273C41B9BB6B31F53A8D8641B970.tmp' to 'F:/UE4/Project/SmartSpider/Content/SmartSpider/BP/SmartSpider_BP.uasset'
[2017.03.12-03.41.42:952][746]LogSavePackage:Display: Finished SavePackage F:/UE4/Project/SmartSpider/Content/SmartSpider/BP/SmartSpider_BP.uasset
[2017.03.12-03.42.11:852][204]BlueprintLog: New page: Compile SmartSpider_BP
[2017.03.12-03.42.12:445][260]Cmd: OBJ SAVEPACKAGE PACKAGE="/Game/SmartSpider/BP/SmartSpider_BP" FILE="F:/UE4/Project/SmartSpider/Content/SmartSpider/BP/SmartSpider_BP.uasset" SILENT=true
[2017.03.12-03.42.12:464][260]LogSavePackage: Save=17.51ms
[2017.03.12-03.42.12:464][260]LogSavePackage: Moving 'F:/UE4/Project/SmartSpider/Saved/SmartSpider_BPFC3D4CC745BB91407DEB9789FFB573CF.tmp' to 'F:/UE4/Project/SmartSpider/Content/SmartSpider/BP/SmartSpider_BP.uasset'
[2017.03.12-03.42.12:464][260]LogSavePackage:Display: Finished SavePackage F:/UE4/Project/SmartSpider/Content/SmartSpider/BP/SmartSpider_BP.uasset
[2017.03.12-03.42.52:533][ 49]BlueprintLog: New page: Compile SmartSpider_BP
[2017.03.12-03.42.53:159][109]Cmd: OBJ SAVEPACKAGE PACKAGE="/Game/SmartSpider/BP/SmartSpider_BP" FILE="F:/UE4/Project/SmartSpider/Content/SmartSpider/BP/SmartSpider_BP.uasset" SILENT=true
[2017.03.12-03.42.53:178][109]LogSavePackage: Save=17.73ms
[2017.03.12-03.42.53:178][109]LogSavePackage: Moving 'F:/UE4/Project/SmartSpider/Saved/SmartSpider_BP6C521FCE49DCC86B639A38908990160D.tmp' to 'F:/UE4/Project/SmartSpider/Content/SmartSpider/BP/SmartSpider_BP.uasset'
[2017.03.12-03.42.53:178][109]LogSavePackage:Display: Finished SavePackage F:/UE4/Project/SmartSpider/Content/SmartSpider/BP/SmartSpider_BP.uasset
[2017.03.12-03.43.21:097][441]BlueprintLog: New page: Compile SmartSpider_BP
[2017.03.12-03.43.21:688][496]Cmd: OBJ SAVEPACKAGE PACKAGE="/Game/SmartSpider/BP/SmartSpider_BP" FILE="F:/UE4/Project/SmartSpider/Content/SmartSpider/BP/SmartSpider_BP.uasset" SILENT=true
[2017.03.12-03.43.21:706][496]LogSavePackage: Save=17.64ms
[2017.03.12-03.43.21:706][496]LogSavePackage: Moving 'F:/UE4/Project/SmartSpider/Saved/SmartSpider_BP095E91AC4C3F1635AB07E4A39FCB239E.tmp' to 'F:/UE4/Project/SmartSpider/Content/SmartSpider/BP/SmartSpider_BP.uasset'
[2017.03.12-03.43.21:707][496]LogSavePackage:Display: Finished SavePackage F:/UE4/Project/SmartSpider/Content/SmartSpider/BP/SmartSpider_BP.uasset
[2017.03.12-03.43.43:311][ 74]BlueprintLog: New page: Compile SmartSpider_BP
[2017.03.12-03.43.44:031][112]Cmd: OBJ SAVEPACKAGE PACKAGE="/Game/SmartSpider/BP/SmartSpider_BP" FILE="F:/UE4/Project/SmartSpider/Content/SmartSpider/BP/SmartSpider_BP.uasset" SILENT=true
[2017.03.12-03.43.44:050][112]LogSavePackage: Save=17.58ms
[2017.03.12-03.43.44:050][112]LogSavePackage: Moving 'F:/UE4/Project/SmartSpider/Saved/SmartSpider_BPCE6D33134DF3159426A9FE822EE90F61.tmp' to 'F:/UE4/Project/SmartSpider/Content/SmartSpider/BP/SmartSpider_BP.uasset'
[2017.03.12-03.43.44:050][112]LogSavePackage:Display: Finished SavePackage F:/UE4/Project/SmartSpider/Content/SmartSpider/BP/SmartSpider_BP.uasset
[2017.03.12-03.44.01:115][149]BlueprintLog: New page: Compile SmartSpider_BP
[2017.03.12-03.44.01:648][198]Cmd: OBJ SAVEPACKAGE PACKAGE="/Game/SmartSpider/BP/SmartSpider_BP" FILE="F:/UE4/Project/SmartSpider/Content/SmartSpider/BP/SmartSpider_BP.uasset" SILENT=true
[2017.03.12-03.44.01:667][198]LogSavePackage: Save=17.78ms
[2017.03.12-03.44.01:667][198]LogSavePackage: Moving 'F:/UE4/Project/SmartSpider/Saved/SmartSpider_BP4953BC5747F31C5C3070EA91B056E15A.tmp' to 'F:/UE4/Project/SmartSpider/Content/SmartSpider/BP/SmartSpider_BP.uasset'
[2017.03.12-03.44.01:668][198]LogSavePackage:Display: Finished SavePackage F:/UE4/Project/SmartSpider/Content/SmartSpider/BP/SmartSpider_BP.uasset
[2017.03.12-03.44.09:435][108]LogSlate: Took 0.019044 seconds to synchronously load lazily loaded font '../../../Engine/Content/Slate/Fonts/DroidSansFallback.ttf' (3848K)
[2017.03.12-03.45.20:339][474]BlueprintLog: New page: Compile SmartSpider_BP
[2017.03.12-03.45.21:130][521]Cmd: OBJ SAVEPACKAGE PACKAGE="/Game/SmartSpider/BP/SmartSpider_BP" FILE="F:/UE4/Project/SmartSpider/Content/SmartSpider/BP/SmartSpider_BP.uasset" SILENT=true
[2017.03.12-03.45.21:152][521]LogSavePackage: Save=20.63ms
[2017.03.12-03.45.21:152][521]LogSavePackage: Moving 'F:/UE4/Project/SmartSpider/Saved/SmartSpider_BPB8CCB7EC4074FCB13B21C59DFB8DF41B.tmp' to 'F:/UE4/Project/SmartSpider/Content/SmartSpider/BP/SmartSpider_BP.uasset'
[2017.03.12-03.45.21:152][521]LogSavePackage:Display: Finished SavePackage F:/UE4/Project/SmartSpider/Content/SmartSpider/BP/SmartSpider_BP.uasset
[2017.03.12-03.45.46:008][484]LogSavePackage: Save=93.80ms
[2017.03.12-03.45.46:008][484]LogSavePackage: Moving 'F:/UE4/Project/SmartSpider/Saved/ThirdPersonExampleMap_Auto167404FA046569A2753183782150FF71B.tmp' to 'F:/UE4/Project/SmartSpider/Saved/Autosaves/Game/ThirdPersonBP/Maps/ThirdPersonExampleMap_Auto1.umap'
[2017.03.12-03.45.46:009][484]LogSavePackage:Display: Finished SavePackage F:/UE4/Project/SmartSpider/Saved/Autosaves/Game/ThirdPersonBP/Maps/ThirdPersonExampleMap_Auto1.umap
[2017.03.12-03.45.46:009][484]LogFileHelpers: Editor autosave (incl. sublevels) for '/Game/ThirdPersonBP/Maps/ThirdPersonExampleMap' took 0.112
[2017.03.12-03.45.46:009][484]LogFileHelpers: Editor autosave (incl. sublevels) for all levels took 0.112
[2017.03.12-05.15.40:821][789]LogSavePackage: Save=105.55ms
[2017.03.12-05.15.40:821][789]LogSavePackage: Moving 'F:/UE4/Project/SmartSpider/Saved/ThirdPersonExampleMap5057B82F4553CDBEB73BC4BFC2666C59.tmp' to 'F:/UE4/Project/SmartSpider/Content/ThirdPersonBP/Maps/ThirdPersonExampleMap.umap'
[2017.03.12-05.15.40:822][789]LogSavePackage:Display: Finished SavePackage F:/UE4/Project/SmartSpider/Content/ThirdPersonBP/Maps/ThirdPersonExampleMap.umap
[2017.03.12-05.15.40:838][789]LogFileHelpers: Saving map 'ThirdPersonExampleMap' took 0.169
[2017.03.12-05.15.41:197][790]Cmd: QUIT_EDITOR
[2017.03.12-05.15.41:224][790]LogWindowsTextInputMethodSystem:Display: IME system now activated using TSF (搜狗拼音输入法).
[2017.03.12-05.15.41:246][790]LogExit: Preparing to exit.
[2017.03.12-05.15.42:091][790]LogExit: Editor shut down
[2017.03.12-05.15.42:091][790]LogExit: Transaction tracking system shut down
[2017.03.12-05.15.42:182][790]LogObj: Freed 0b from 0 cluster array pools.
[2017.03.12-05.15.42:182][790]LogExit: Object subsystem successfully closed.
[2017.03.12-05.15.42:202][790]LogD3D11RHI: Shutdown
[2017.03.12-05.15.42:202][790]LogD3D11RHI: CleanupD3DDevice
[2017.03.12-05.15.42:281][790]LogD3D11RHI: ~FD3D11DynamicRHI
[2017.03.12-05.15.42:294][790]LogModuleManager: Shutting down and abandoning module SkeletonEditor (504)
[2017.03.12-05.15.42:294][790]LogModuleManager: Shutting down and abandoning module AnimationBlueprintEditor (502)
[2017.03.12-05.15.42:294][790]LogModuleManager: Shutting down and abandoning module BlueprintGraph (500)
[2017.03.12-05.15.42:294][790]LogModuleManager: Shutting down and abandoning module BlueprintProfiler (498)
[2017.03.12-05.15.42:294][790]LogModuleManager: Shutting down and abandoning module HierarchicalLODOutliner (496)
[2017.03.12-05.15.42:294][790]LogModuleManager: Shutting down and abandoning module CrashTracker (494)
[2017.03.12-05.15.42:294][790]LogModuleManager: Shutting down and abandoning module SceneOutliner (492)
[2017.03.12-05.15.42:294][790]LogModuleManager: Shutting down and abandoning module AddContentDialog (490)
[2017.03.12-05.15.42:294][790]LogDirectoryWatcher: A directory notification for 'C:/Program Files (x86)/Epic Games/UE_4.15/FeaturePacks/' was aborted.
[2017.03.12-05.15.42:295][790]LogModuleManager: Shutting down and abandoning module WidgetCarousel (489)
[2017.03.12-05.15.42:295][790]LogModuleManager: Shutting down and abandoning module EditorWidgets (486)
[2017.03.12-05.15.42:295][790]LogModuleManager: Shutting down and abandoning module CollectionManager (484)
[2017.03.12-05.15.42:295][790]LogDirectoryWatcher: A directory notification for 'F:/UE4/Project/SmartSpider/Content/Collections/' was aborted.
[2017.03.12-05.15.42:295][790]LogDirectoryWatcher: A directory notification for 'F:/UE4/Project/SmartSpider/Content/Developers/xfw/Collections/' was aborted.
[2017.03.12-05.15.42:295][790]LogDirectoryWatcher: A directory notification for 'F:/UE4/Project/SmartSpider/Saved/Collections/' was aborted.
[2017.03.12-05.15.42:295][790]LogModuleManager: Shutting down and abandoning module StatsViewer (482)
[2017.03.12-05.15.42:295][790]LogModuleManager: Shutting down and abandoning module FoliageEdit (480)
[2017.03.12-05.15.42:295][790]LogModuleManager: Shutting down and abandoning module LandscapeEditor (478)
[2017.03.12-05.15.42:295][790]LogModuleManager: Shutting down and abandoning module SceneDepthPickerMode (476)
[2017.03.12-05.15.42:295][790]LogModuleManager: Shutting down and abandoning module ActorPickerMode (474)
[2017.03.12-05.15.42:295][790]LogModuleManager: Shutting down and abandoning module GeometryMode (472)
[2017.03.12-05.15.42:295][790]LogModuleManager: Shutting down and abandoning module TextureAlignMode (470)
[2017.03.12-05.15.42:295][790]LogModuleManager: Shutting down and abandoning module BspMode (468)
[2017.03.12-05.15.42:295][790]LogModuleManager: Shutting down and abandoning module HardwareSurvey (466)
[2017.03.12-05.15.42:295][790]LogModuleManager: Shutting down and abandoning module SequenceRecorderSections (464)
[2017.03.12-05.15.42:295][790]LogModuleManager: Shutting down and abandoning module AutomationWorker (462)
[2017.03.12-05.15.42:295][790]LogModuleManager: Shutting down and abandoning module MatineeToLevelSequence (460)
[2017.03.12-05.15.42:296][790]LogModuleManager: Shutting down and abandoning module LevelSequenceEditor (458)
[2017.03.12-05.15.42:296][790]LogModuleManager: Shutting down and abandoning module PlacementMode (457)
[2017.03.12-05.15.42:296][790]LogModuleManager: Shutting down and abandoning module WmfMediaFactory (454)
[2017.03.12-05.15.42:296][790]LogModuleManager: Shutting down and abandoning module WmfMediaEditor (452)
[2017.03.12-05.15.42:296][790]LogModuleManager: Shutting down and abandoning module MfMediaFactory (450)
[2017.03.12-05.15.42:296][790]LogModuleManager: Shutting down and abandoning module MfMediaEditor (448)
[2017.03.12-05.15.42:296][790]LogModuleManager: Shutting down and abandoning module AvfMediaFactory (446)
[2017.03.12-05.15.42:296][790]LogModuleManager: Shutting down and abandoning module AvfMediaEditor (444)
[2017.03.12-05.15.42:296][790]LogModuleManager: Shutting down and abandoning module AndroidMediaFactory (442)
[2017.03.12-05.15.42:296][790]LogModuleManager: Shutting down and abandoning module Media (441)
[2017.03.12-05.15.42:296][790]LogModuleManager: Shutting down and abandoning module AndroidMediaEditor (438)
[2017.03.12-05.15.42:296][790]LogModuleManager: Shutting down and abandoning module CharacterAI (436)
[2017.03.12-05.15.42:296][790]LogModuleManager: Shutting down and abandoning module AudioCapture (434)
[2017.03.12-05.15.42:296][790]LogModuleManager: Shutting down and abandoning module SequenceRecorder (433)
[2017.03.12-05.15.42:296][790]LogModuleManager: Shutting down and abandoning module SmartSnapping (430)
[2017.03.12-05.15.42:296][790]LogModuleManager: Shutting down and abandoning module SessionServices (428)
[2017.03.12-05.15.42:296][790]LogModuleManager: Shutting down and abandoning module ViewportSnapping (426)
[2017.03.12-05.15.42:296][790]LogModuleManager: Shutting down and abandoning module ViewportInteraction (424)
[2017.03.12-05.15.42:296][790]LogModuleManager: Shutting down and abandoning module LogVisualizer (422)
[2017.03.12-05.15.42:296][790]LogModuleManager: Shutting down and abandoning module IntroTutorials (420)
[2017.03.12-05.15.42:296][790]LogModuleManager: Shutting down and abandoning module GameProjectGeneration (419)
[2017.03.12-05.15.42:296][790]LogModuleManager: Shutting down and abandoning module EditorLiveStreaming (416)
[2017.03.12-05.15.42:296][790]LogModuleManager: Shutting down and abandoning module IOSPlatformEditor (414)
[2017.03.12-05.15.42:296][790]LogModuleManager: Shutting down and abandoning module HTML5PlatformEditor (412)
[2017.03.12-05.15.42:296][790]LogModuleManager: Shutting down and abandoning module AndroidPlatformEditor (410)
[2017.03.12-05.15.42:296][790]LogModuleManager: Shutting down and abandoning module AndroidDeviceDetection (409)
[2017.03.12-05.15.42:439][790]LogModuleManager: Shutting down and abandoning module IOSRuntimeSettings (406)
[2017.03.12-05.15.42:439][790]LogModuleManager: Shutting down and abandoning module AndroidRuntimeSettings (404)
[2017.03.12-05.15.42:439][790]LogModuleManager: Shutting down and abandoning module InputBindingEditor (402)
[2017.03.12-05.15.42:439][790]LogModuleManager: Shutting down and abandoning module NiagaraEditor (400)
[2017.03.12-05.15.42:439][790]LogModuleManager: Shutting down and abandoning module MergeActors (398)
[2017.03.12-05.15.42:439][790]LogModuleManager: Shutting down and abandoning module SizeMap (396)
[2017.03.12-05.15.42:439][790]LogModuleManager: Shutting down and abandoning module TreeMap (394)
[2017.03.12-05.15.42:439][790]LogModuleManager: Shutting down and abandoning module ReferenceViewer (392)
[2017.03.12-05.15.42:439][790]LogModuleManager: Shutting down and abandoning module LocalizationDashboard (390)
[2017.03.12-05.15.42:439][790]LogModuleManager: Shutting down and abandoning module LocalizationService (389)
[2017.03.12-05.15.42:439][790]LogModuleManager: Shutting down and abandoning module HardwareTargeting (386)
[2017.03.12-05.15.42:439][790]LogModuleManager: Shutting down and abandoning module DeviceProfileEditor (384)
[2017.03.12-05.15.42:439][790]LogModuleManager: Shutting down and abandoning module UndoHistory (382)
[2017.03.12-05.15.42:439][790]LogModuleManager: Shutting down and abandoning module UserFeedback (380)
[2017.03.12-05.15.42:439][790]LogModuleManager: Shutting down and abandoning module XmlParser (378)
[2017.03.12-05.15.42:439][790]LogModuleManager: Shutting down and abandoning module Blutility (376)
[2017.03.12-05.15.42:439][790]LogModuleManager: Shutting down and abandoning module ProjectSettingsViewer (374)
[2017.03.12-05.15.42:439][790]LogModuleManager: Shutting down and abandoning module ProjectTargetPlatformEditor (373)
[2017.03.12-05.15.42:439][790]LogModuleManager: Shutting down and abandoning module EditorSettingsViewer (370)
[2017.03.12-05.15.42:439][790]LogModuleManager: Shutting down and abandoning module SettingsEditor (368)
[2017.03.12-05.15.42:439][790]LogModuleManager: Shutting down and abandoning module ProjectLauncher (366)
[2017.03.12-05.15.42:440][790]LogModuleManager: Shutting down and abandoning module SessionFrontend (364)
[2017.03.12-05.15.42:440][790]LogModuleManager: Shutting down and abandoning module ProfilerClient (362)
[2017.03.12-05.15.42:440][790]LogModuleManager: Shutting down and abandoning module DeviceManager (360)
[2017.03.12-05.15.42:440][790]LogModuleManager: Shutting down and abandoning module TargetDeviceServices (359)
[2017.03.12-05.15.42:482][790]LogModuleManager: Shutting down and abandoning module AutomationController (356)
[2017.03.12-05.15.42:482][790]LogModuleManager: Shutting down and abandoning module AutomationWindow (354)
[2017.03.12-05.15.42:482][790]LogModuleManager: Shutting down and abandoning module Layers (352)
[2017.03.12-05.15.42:482][790]LogModuleManager: Shutting down and abandoning module ComponentVisualizers (350)
[2017.03.12-05.15.42:482][790]LogModuleManager: Shutting down and abandoning module DetailCustomizations (348)
[2017.03.12-05.15.42:482][790]LogModuleManager: Shutting down and abandoning module PackagesDialog (346)
[2017.03.12-05.15.42:482][790]LogModuleManager: Shutting down and abandoning module Persona (344)
[2017.03.12-05.15.42:482][790]LogModuleManager: Shutting down and abandoning module AnimGraph (343)
[2017.03.12-05.15.42:482][790]LogModuleManager: Shutting down and abandoning module Kismet (340)
[2017.03.12-05.15.42:488][790]LogModuleManager: Shutting down and abandoning module GraphEditor (338)
[2017.03.12-05.15.42:488][790]LogModuleManager: Shutting down and abandoning module ClassViewer (336)
[2017.03.12-05.15.42:489][790]LogModuleManager: Shutting down and abandoning module Toolbox (334)
[2017.03.12-05.15.42:489][790]LogModuleManager: Shutting down and abandoning module ModuleUI (332)
[2017.03.12-05.15.42:489][790]LogModuleManager: Shutting down and abandoning module MovieSceneTools (330)
[2017.03.12-05.15.42:489][790]LogModuleManager: Shutting down and abandoning module OutputLog (328)
[2017.03.12-05.15.42:489][790]LogModuleManager: Shutting down and abandoning module GammaUI (326)
[2017.03.12-05.15.42:489][790]LogModuleManager: Shutting down and abandoning module Documentation (324)
[2017.03.12-05.15.42:489][790]LogModuleManager: Shutting down and abandoning module Niagara (322)
[2017.03.12-05.15.42:489][790]LogModuleManager: Shutting down and abandoning module StreamingPauseRendering (320)
[2017.03.12-05.15.42:489][790]LogModuleManager: Shutting down and abandoning module AnalyticsET (318)
[2017.03.12-05.15.42:489][790]LogModuleManager: Shutting down and abandoning module PortalServices (316)
[2017.03.12-05.15.42:489][790]LogModuleManager: Shutting down and abandoning module PortalRpc (314)
[2017.03.12-05.15.42:489][790]LogModuleManager: Shutting down and abandoning module MessagingRpc (312)
[2017.03.12-05.15.42:489][790]LogModuleManager: Shutting down and abandoning module AIModule (310)
[2017.03.12-05.15.42:489][790]LogModuleManager: Shutting down and abandoning module GameplayDebugger (309)
[2017.03.12-05.15.42:489][790]LogModuleManager: Shutting down and abandoning module AITestSuite (307)
[2017.03.12-05.15.42:489][790]LogModuleManager: Shutting down and abandoning module ProfilerService (304)
[2017.03.12-05.15.42:713][790]LogModuleManager: Shutting down and abandoning module TaskGraph (302)
[2017.03.12-05.15.42:713][790]LogModuleManager: Shutting down and abandoning module SteamVRController (300)
[2017.03.12-05.15.42:713][790]LogModuleManager: Shutting down and abandoning module SteamVR (298)
[2017.03.12-05.15.42:713][790]LogModuleManager: Shutting down and abandoning module ProceduralMeshComponentEditor (296)
[2017.03.12-05.15.42:713][790]LogModuleManager: Shutting down and abandoning module ProceduralMeshComponent (294)
[2017.03.12-05.15.42:713][790]LogModuleManager: Shutting down and abandoning module OculusLibrary (292)
[2017.03.12-05.15.42:713][790]LogModuleManager: Shutting down and abandoning module OculusInput (290)
[2017.03.12-05.15.42:713][790]LogModuleManager: Shutting down and abandoning module MobilePatchingUtils (288)
[2017.03.12-05.15.42:713][790]LogModuleManager: Shutting down and abandoning module CustomMeshComponent (286)
[2017.03.12-05.15.42:713][790]LogModuleManager: Shutting down and abandoning module CableComponent (284)
[2017.03.12-05.15.42:713][790]LogModuleManager: Shutting down and abandoning module ArchVisCharacter (282)
[2017.03.12-05.15.42:713][790]LogModuleManager: Shutting down and abandoning module MediaPlayerEditor (278)
[2017.03.12-05.15.42:713][790]LogModuleManager: Shutting down and abandoning module HTML5Networking (276)
[2017.03.12-05.15.42:713][790]LogModuleManager: Shutting down and abandoning module AlembicImporter (274)
[2017.03.12-05.15.42:713][790]LogModuleManager: Shutting down and abandoning module AlembicLibrary (273)
[2017.03.12-05.15.42:713][790]LogModuleManager: Shutting down and abandoning module GeometryCache (272)
[2017.03.12-05.15.42:713][790]LogModuleManager: Shutting down and abandoning module GeometryCacheEd (271)
[2017.03.12-05.15.42:713][790]LogModuleManager: Shutting down and abandoning module SuperSearchEditor (266)
[2017.03.12-05.15.42:713][790]LogModuleManager: Shutting down and abandoning module SuperSearch (265)
[2017.03.12-05.15.42:713][790]LogModuleManager: Shutting down and abandoning module SpeedTreeImporter (262)
[2017.03.12-05.15.42:713][790]LogModuleManager: Shutting down and abandoning module PluginBrowser (260)
[2017.03.12-05.15.42:713][790]LogModuleManager: Shutting down and abandoning module MobileLauncherProfileWizard (258)
[2017.03.12-05.15.42:713][790]LogModuleManager: Shutting down and abandoning module EpicSurvey (256)
[2017.03.12-05.15.42:713][790]LogModuleManager: Shutting down and abandoning module VisualStudioSourceCodeAccess (254)
[2017.03.12-05.15.42:713][790]LogModuleManager: Shutting down and abandoning module DesktopPlatform (253)
[2017.03.12-05.15.42:713][790]LogModuleManager: Shutting down and abandoning module UObjectPlugin (250)
[2017.03.12-05.15.42:713][790]LogModuleManager: Shutting down and abandoning module SubversionSourceControl (248)
[2017.03.12-05.15.42:713][790]LogModuleManager: Shutting down and abandoning module PerforceSourceControl (246)
[2017.03.12-05.15.42:713][790]LogModuleManager: Shutting down and abandoning module GitSourceControl (244)
[2017.03.12-05.15.42:713][790]LogModuleManager: Shutting down and abandoning module SourceControl (243)
[2017.03.12-05.15.42:713][790]LogModuleManager: Shutting down and abandoning module LightPropagationVolumeEditor (240)
[2017.03.12-05.15.42:713][790]LogModuleManager: Shutting down and abandoning module PaperTiledImporter (238)
[2017.03.12-05.15.42:713][790]LogModuleManager: Shutting down and abandoning module PaperSpriteSheetImporter (236)
[2017.03.12-05.15.42:713][790]LogModuleManager: Shutting down and abandoning module Paper2DEditor (234)
[2017.03.12-05.15.42:713][790]LogModuleManager: Shutting down and abandoning module MeshPaint (233)
[2017.03.12-05.15.42:713][790]LogModuleManager: Shutting down and abandoning module LevelEditor (231)
[2017.03.12-05.15.42:714][790]LogModuleManager: Shutting down and abandoning module PixelInspectorModule (230)
[2017.03.12-05.15.42:714][790]LogModuleManager: Shutting down and abandoning module MainFrame (228)
[2017.03.12-05.15.42:714][790]LogModuleManager: Shutting down and abandoning module HotReload (227)
[2017.03.12-05.15.42:714][790]LogModuleManager: Shutting down and abandoning module ContentBrowser (223)
[2017.03.12-05.15.42:715][790]LogModuleManager: Shutting down and abandoning module PhysXVehiclesEditor (220)
[2017.03.12-05.15.42:715][790]LogModuleManager: Shutting down and abandoning module PhysXVehicles (218)
[2017.03.12-05.15.42:715][790]LogModuleManager: Shutting down and abandoning module LocationServicesBPLibrary (216)
[2017.03.12-05.15.42:715][790]LogModuleManager: Shutting down and abandoning module UdpMessaging (214)
[2017.03.12-05.15.42:816][790]LogModuleManager: Shutting down and abandoning module TcpMessaging (212)
[2017.03.12-05.15.42:916][790]LogModuleManager: Shutting down and abandoning module GameplayTagsEditor (210)
[2017.03.12-05.15.42:916][790]LogModuleManager: Shutting down and abandoning module FacialAnimationEditor (208)
[2017.03.12-05.15.42:916][790]LogModuleManager: Shutting down and abandoning module FacialAnimation (206)
[2017.03.12-05.15.42:916][790]LogModuleManager: Shutting down and abandoning module LightPropagationVolumeRuntime (204)
[2017.03.12-05.15.42:916][790]LogModuleManager: Shutting down and abandoning module Paper2D (202)
[2017.03.12-05.15.42:916][790]LogModuleManager: Shutting down and abandoning module WindowsMoviePlayer (200)
[2017.03.12-05.15.42:916][790]LogModuleManager: Shutting down and abandoning module WmfMedia (198)
[2017.03.12-05.15.42:916][790]LogModuleManager: Shutting down and abandoning module MfMedia (196)
[2017.03.12-05.15.42:916][790]LogModuleManager: Shutting down and abandoning module MediaAssets (194)
[2017.03.12-05.15.42:916][790]LogModuleManager: Shutting down and abandoning module GameLiveStreaming (192)
[2017.03.12-05.15.42:917][790]LogModuleManager: Shutting down and abandoning module VREditor (190)
[2017.03.12-05.15.42:917][790]LogModuleManager: Shutting down and abandoning module GameplayTasksEditor (188)
[2017.03.12-05.15.42:917][790]LogModuleManager: Shutting down and abandoning module BehaviorTreeEditor (186)
[2017.03.12-05.15.42:917][790]LogModuleManager: Shutting down and abandoning module FunctionalTesting (184)
[2017.03.12-05.15.42:917][790]LogModuleManager: Shutting down and abandoning module CollisionAnalyzer (182)
[2017.03.12-05.15.42:917][790]LogModuleManager: Shutting down and abandoning module UMG (180)
[2017.03.12-05.15.42:917][790]LogModuleManager: Shutting down and abandoning module UMGEditor (179)
[2017.03.12-05.15.42:917][790]LogModuleManager: Shutting down and abandoning module Sequencer (178)
[2017.03.12-05.15.42:917][790]LogModuleManager: Shutting down and abandoning module AssetTools (176)
[2017.03.12-05.15.42:917][790]LogModuleManager: Shutting down and abandoning module MessageLog (175)
[2017.03.12-05.15.42:917][790]LogModuleManager: Shutting down and abandoning module WorkspaceMenuStructure (174)
[2017.03.12-05.15.42:917][790]LogModuleManager: Shutting down and abandoning module SlateReflector (168)
[2017.03.12-05.15.42:917][790]LogModuleManager: Shutting down and abandoning module Slate (166)
[2017.03.12-05.15.42:917][790]LogModuleManager: Shutting down and abandoning module EditorStyle (164)
[2017.03.12-05.15.42:921][790]LogModuleManager: Shutting down and abandoning module SourceCodeAccess (162)
[2017.03.12-05.15.42:921][790]LogModuleManager: Shutting down and abandoning module HeadMountedDisplay (160)
[2017.03.12-05.15.42:921][790]LogModuleManager: Shutting down and abandoning module XAudio2 (158)
[2017.03.12-05.15.42:921][790]LogModuleManager: Shutting down and abandoning module Networking (156)
[2017.03.12-05.15.42:921][790]LogModuleManager: Shutting down and abandoning module Core (152)
[2017.03.12-05.15.42:921][790]LogModuleManager: Shutting down and abandoning module AssetRegistry (150)
[2017.03.12-05.15.42:979][790]LogDirectoryWatcher: A directory notification for '../../../Engine/Content/' was aborted.
[2017.03.12-05.15.42:979][790]LogDirectoryWatcher: A directory notification for 'F:/UE4/Project/SmartSpider/Content/' was aborted.
[2017.03.12-05.15.42:979][790]LogDirectoryWatcher: A directory notification for '../../../Engine/Plugins/2D/Paper2D/Content/' was aborted.
[2017.03.12-05.15.42:979][790]LogModuleManager: Shutting down and abandoning module DirectoryWatcher (149)
[2017.03.12-05.15.42:979][790]LogModuleManager: Shutting down and abandoning module KismetCompiler (146)
[2017.03.12-05.15.42:979][790]LogModuleManager: Shutting down and abandoning module PhysXFormats (144)
[2017.03.12-05.15.42:979][790]LogModuleManager: Shutting down and abandoning module MeshUtilities (142)
[2017.03.12-05.15.42:979][790]LogModuleManager: Shutting down and abandoning module SimplygonSwarm (141)
[2017.03.12-05.15.42:979][790]LogModuleManager: Shutting down and abandoning module SimplygonMeshReduction (139)
[2017.03.12-05.15.42:979][790]LogModuleManager: Shutting down and abandoning module QuadricMeshReduction (137)
[2017.03.12-05.15.42:979][790]LogModuleManager: Shutting down and abandoning module PropertyEditor (135)
[2017.03.12-05.15.42:980][790]LogModuleManager: Shutting down and abandoning module DerivedDataCache (132)
[2017.03.12-05.15.42:985][790]LogDerivedDataCache: Shutdown
[2017.03.12-05.15.42:985][790]LogModuleManager: Shutting down and abandoning module TargetPlatform (130)
[2017.03.12-05.15.42:985][790]LogModuleManager: Shutting down and abandoning module VulkanShaderFormat (129)
[2017.03.12-05.15.42:985][790]LogModuleManager: Shutting down and abandoning module ShaderFormatOpenGL (127)
[2017.03.12-05.15.42:985][790]LogModuleManager: Shutting down and abandoning module ShaderFormatD3D (125)
[2017.03.12-05.15.42:985][790]LogModuleManager: Shutting down and abandoning module MetalShaderFormat (123)
[2017.03.12-05.15.42:985][790]LogModuleManager: Shutting down and abandoning module TextureFormatUncompressed (121)
[2017.03.12-05.15.42:985][790]LogModuleManager: Shutting down and abandoning module TextureFormatPVR (119)
[2017.03.12-05.15.42:985][790]LogModuleManager: Shutting down and abandoning module TextureFormatDXT (117)
[2017.03.12-05.15.42:985][790]LogModuleManager: Shutting down and abandoning module TextureFormatIntelISPCTexComp (115)
[2017.03.12-05.15.42:985][790]LogModuleManager: Shutting down and abandoning module TextureFormatASTC (113)
[2017.03.12-05.15.42:985][790]LogModuleManager: Shutting down and abandoning module ImageWrapper (112)
[2017.03.12-05.15.42:985][790]LogModuleManager: Shutting down and abandoning module TextureFormatAndroid (109)
[2017.03.12-05.15.42:985][790]LogModuleManager: Shutting down and abandoning module AudioFormatOpus (107)
[2017.03.12-05.15.42:985][790]LogModuleManager: Shutting down and abandoning module AudioFormatOgg (105)
[2017.03.12-05.15.42:985][790]LogModuleManager: Shutting down and abandoning module AudioFormatADPCM (103)
[2017.03.12-05.15.42:985][790]LogModuleManager: Shutting down and abandoning module LinuxTargetPlatform (101)
[2017.03.12-05.15.42:985][790]LogModuleManager: Shutting down and abandoning module LinuxServerTargetPlatform (99)
[2017.03.12-05.15.42:985][790]LogModuleManager: Shutting down and abandoning module LinuxNoEditorTargetPlatform (97)
[2017.03.12-05.15.42:985][790]LogModuleManager: Shutting down and abandoning module LinuxClientTargetPlatform (95)
[2017.03.12-05.15.42:985][790]LogModuleManager: Shutting down and abandoning module TVOSTargetPlatform (93)
[2017.03.12-05.15.42:985][790]LogModuleManager: Shutting down and abandoning module Messaging (91)
[2017.03.12-05.15.42:985][790]LogModuleManager: Shutting down and abandoning module IOSTargetPlatform (89)
[2017.03.12-05.15.42:985][790]LogModuleManager: Shutting down and abandoning module HTML5TargetPlatform (87)
[2017.03.12-05.15.42:985][790]LogModuleManager: Shutting down and abandoning module Android_PVRTCTargetPlatform (85)
[2017.03.12-05.15.42:985][790]LogModuleManager: Shutting down and abandoning module Android_MultiTargetPlatform (83)
[2017.03.12-05.15.42:985][790]LogModuleManager: Shutting down and abandoning module Android_ETC2TargetPlatform (81)
[2017.03.12-05.15.42:985][790]LogModuleManager: Shutting down and abandoning module Android_ETC1TargetPlatform (79)
[2017.03.12-05.15.42:985][790]LogModuleManager: Shutting down and abandoning module Android_DXTTargetPlatform (77)
[2017.03.12-05.15.42:985][790]LogModuleManager: Shutting down and abandoning module Android_ATCTargetPlatform (75)
[2017.03.12-05.15.42:985][790]LogModuleManager: Shutting down and abandoning module Android_ASTCTargetPlatform (73)
[2017.03.12-05.15.42:985][790]LogModuleManager: Shutting down and abandoning module AndroidTargetPlatform (71)
[2017.03.12-05.15.42:985][790]LogModuleManager: Shutting down and abandoning module WindowsTargetPlatform (69)
[2017.03.12-05.15.42:985][790]LogModuleManager: Shutting down and abandoning module WindowsServerTargetPlatform (67)
[2017.03.12-05.15.42:985][790]LogModuleManager: Shutting down and abandoning module WindowsNoEditorTargetPlatform (65)
[2017.03.12-05.15.42:985][790]LogModuleManager: Shutting down and abandoning module WindowsClientTargetPlatform (63)
[2017.03.12-05.15.42:985][790]LogModuleManager: Shutting down and abandoning module MacTargetPlatform (61)
[2017.03.12-05.15.42:985][790]LogModuleManager: Shutting down and abandoning module MacServerTargetPlatform (59)
[2017.03.12-05.15.42:985][790]LogModuleManager: Shutting down and abandoning module MacNoEditorTargetPlatform (57)
[2017.03.12-05.15.42:985][790]LogModuleManager: Shutting down and abandoning module MacClientTargetPlatform (55)
[2017.03.12-05.15.42:985][790]LogModuleManager: Shutting down and abandoning module AllDesktopTargetPlatform (53)
[2017.03.12-05.15.42:985][790]LogModuleManager: Shutting down and abandoning module InputCore (50)
[2017.03.12-05.15.42:985][790]LogModuleManager: Shutting down and abandoning module Settings (48)
[2017.03.12-05.15.42:985][790]LogModuleManager: Shutting down and abandoning module OculusRift (46)
[2017.03.12-05.15.42:985][790]LogModuleManager: Shutting down and abandoning module ExampleDeviceProfileSelector (44)
[2017.03.12-05.15.42:985][790]LogModuleManager: Shutting down and abandoning module OnlineBlueprintSupport (42)
[2017.03.12-05.15.42:985][790]LogModuleManager: Shutting down and abandoning module OnlineSubsystem (38)
[2017.03.12-05.15.42:985][790]LogOnline:Display: Unloading online subsystem: NULL
[2017.03.12-05.15.42:985][790]LogModuleManager: Shutting down and abandoning module XMPP (37)
[2017.03.12-05.15.42:985][790]LogModuleManager: Shutting down and abandoning module HTTP (35)
[2017.03.12-05.15.42:985][790]LogHttp:Display: Http module shutting down, but needs to wait on 1 outstanding Http requests:
[2017.03.12-05.15.42:985][790]LogHttp:Display: 	verb=[POST] url=[https://datarouter.ol.epicgames.com/datarouter/api/v1/public/data?SessionID=%7B852068FE-474E-A4E1-EB33-30815F7F5F1E%7D&AppID=UEEditor.Rocket.Release&AppVersion=4.15.0-3299760%2B%2B%2BUE4%2BRelease-4.15&UserID=755a174346d93e28b6c0708b519791f9%7C5b61ffb8693c4d6ea36376029ab06bab%7C679ec84e-6c56-4c24-a827-f97ba2a8896b&AppEnvironment=datacollector-binary&UploadType=eteventstream] status=Processing
[2017.03.12-05.15.42:985][790]LogHttp:Display: Sleeping 0.5s to wait for 1 outstanding Http requests.
[2017.03.12-05.15.43:503][790]LogModuleManager: Shutting down and abandoning module SSL (34)
[2017.03.12-05.15.43:504][790]LogModuleManager: Shutting down and abandoning module AudioEditor (30)
[2017.03.12-05.15.43:504][790]LogModuleManager: Shutting down and abandoning module TextureCompressor (28)
[2017.03.12-05.15.43:504][790]LogModuleManager: Shutting down and abandoning module ShaderCore (26)
[2017.03.12-05.15.43:504][790]LogModuleManager: Shutting down and abandoning module Landscape (24)
[2017.03.12-05.15.43:504][790]LogModuleManager: Shutting down and abandoning module SlateRHIRenderer (22)
[2017.03.12-05.15.43:506][790]LogModuleManager: Shutting down and abandoning module OpenGLDrv (20)
[2017.03.12-05.15.43:506][790]LogModuleManager: Shutting down and abandoning module D3D11RHI (18)
[2017.03.12-05.15.43:506][790]LogModuleManager: Shutting down and abandoning module AnimGraphRuntime (16)
[2017.03.12-05.15.43:506][790]LogModuleManager: Shutting down and abandoning module Renderer (14)
[2017.03.12-05.15.43:506][790]LogModuleManager: Shutting down and abandoning module Engine (12)
[2017.03.12-05.15.43:506][790]LogModuleManager: Shutting down and abandoning module CoreUObject (10)
[2017.03.12-05.15.43:506][790]LogModuleManager: Shutting down and abandoning module NetworkFile (8)
[2017.03.12-05.15.43:506][790]LogModuleManager: Shutting down and abandoning module StreamingFile (6)
[2017.03.12-05.15.43:506][790]LogModuleManager: Shutting down and abandoning module SandboxFile (4)
[2017.03.12-05.15.43:506][790]LogModuleManager: Shutting down and abandoning module PakFile (2)
[2017.03.12-05.15.43:507][790]LogExit: Exiting.
[2017.03.12-05.15.43:508][790]Log file closed, 03/12/17 13:15:43
